Using temporary directory: /Users/me/myprojects/moqui-trade/execwartmp
Determined runtime from Java system property: runtime
Canonicalized runtimePath: /Users/me/myprojects/moqui-trade/runtime
Determined conf from Java system property: conf/MoquiDevConf.xml
Running Jetty server on port 8080 max threads 100 with args [{}]
Creating Jetty FileSessionDataStore with directory /Users/me/myprojects/moqui-trade/runtime/sessions
Jetty min threads 8, max threads 100
[32m09:02:58.219  INFO         main                   o.eclipse.j.s.Server[m jetty-12.1.5; built: 2025-12-03T22:18:24.732Z; git: 4905d09d7b6801e792d7b73946cf7b66e4be25d6; jvm 21.0.6+7-LTS
[32m09:02:58.235  INFO         main  o.eclipse.j.s.DefaultSessionIdManager[m Session workerName=node0
[32m09:02:59.638  INFO         main ipse.j.e.w.StandardDescriptorProcessor[m NO JSP Support for /, did not find org.eclipse.jetty.ee11.jsp.JettyJspServlet
[32m09:02:59.977  INFO         main         o.eclipse.j.s.h.ContextHandler[m Started oeje11w.WebAppContext@4b6166aa{Moqui Root Webapp,/,b=file:///Users/me/myprojects/moqui-trade/execwartmp/ROOT/webapp/,a=AVAILABLE,h=oeje11s.SessionHandler@784abd3e{STARTED}}{file:/Users/me/myprojects/moqui-trade/moqui.war}
[32m09:03:00.042  INFO         main       o.moqui.i.w.MoquiContextListener[m Loading Webapp 'webroot' (Moqui Root Webapp) on ROOT, located at: /Users/me/myprojects/moqui-trade/execwartmp/ROOT/webapp/
[32m09:03:00.115  INFO         main .moqui.i.c.ExecutionContextFactoryImpl[m Initializing Moqui Framework version 4.0.0
 - runtime directory: /Users/me/myprojects/moqui-trade/runtime
 - runtime config:    /Users/me/myprojects/moqui-trade/runtime/conf/MoquiDevConf.xml
[32m09:03:00.115  INFO         main .moqui.i.c.ExecutionContextFactoryImpl[m Running on Java 21.0.6 VM 21.0.6+7-LTS Runtime 21.0.6+7-LTS
[32m09:03:00.325  INFO         main .moqui.i.c.ExecutionContextFactoryImpl[m Added component tools              at file:/Users/me/myprojects/moqui-trade/runtime/base-component/tools
[32m09:03:00.339  INFO         main .moqui.i.c.ExecutionContextFactoryImpl[m Added component webroot            at file:/Users/me/myprojects/moqui-trade/runtime/base-component/webroot
[32m09:03:00.340  INFO         main .moqui.i.c.ExecutionContextFactoryImpl[m Added component MarbleERP          at file:/Users/me/myprojects/moqui-trade/runtime/component/MarbleERP
[32m09:03:00.341  INFO         main .moqui.i.c.ExecutionContextFactoryImpl[m Added component PopRestStore       at file:/Users/me/myprojects/moqui-trade/runtime/component/PopRestStore
[32m09:03:00.342  INFO         main .moqui.i.c.ExecutionContextFactoryImpl[m Added component SimpleScreens      at file:/Users/me/myprojects/moqui-trade/runtime/component/SimpleScreens
[32m09:03:00.343  INFO         main .moqui.i.c.ExecutionContextFactoryImpl[m Added component TradeFinance       at file:/Users/me/myprojects/moqui-trade/runtime/component/TradeFinance
[32m09:03:00.348  INFO         main .moqui.i.c.ExecutionContextFactoryImpl[m Added component example            at file:/Users/me/myprojects/moqui-trade/runtime/component/example
[32m09:03:00.349  INFO         main .moqui.i.c.ExecutionContextFactoryImpl[m Added component mantle-udm         at file:/Users/me/myprojects/moqui-trade/runtime/component/mantle-udm
[32m09:03:00.350  INFO         main .moqui.i.c.ExecutionContextFactoryImpl[m Added component mantle-usl         at file:/Users/me/myprojects/moqui-trade/runtime/component/mantle-usl
[32m09:03:00.350  INFO         main .moqui.i.c.ExecutionContextFactoryImpl[m Added component moqui-fop          at file:/Users/me/myprojects/moqui-trade/runtime/component/moqui-fop
[32m09:03:00.351  INFO         main .moqui.i.c.ExecutionContextFactoryImpl[m Components after depends-on sort: [tools, webroot, moqui-fop, mantle-udm, mantle-usl, SimpleScreens, MarbleERP, PopRestStore, TradeFinance, example]
[32m09:03:00.357  INFO         main .moqui.i.c.ExecutionContextFactoryImpl[m Merging MoquiConf.xml file from component tools
[32m09:03:00.361  INFO         main .moqui.i.c.ExecutionContextFactoryImpl[m Merging MoquiConf.xml file from component moqui-fop
[32m09:03:00.366  INFO         main .moqui.i.c.ExecutionContextFactoryImpl[m Merging MoquiConf.xml file from component mantle-udm
[32m09:03:00.366  INFO         main .moqui.i.c.ExecutionContextFactoryImpl[m Merging MoquiConf.xml file from component SimpleScreens
[32m09:03:00.367  INFO         main .moqui.i.c.ExecutionContextFactoryImpl[m Merging MoquiConf.xml file from component MarbleERP
[32m09:03:00.368  INFO         main .moqui.i.c.ExecutionContextFactoryImpl[m Merging MoquiConf.xml file from component PopRestStore
[32m09:03:00.368  INFO         main .moqui.i.c.ExecutionContextFactoryImpl[m Merging MoquiConf.xml file from component example
[32m09:03:00.369  INFO         main .moqui.i.c.ExecutionContextFactoryImpl[m Merging runtime configuration at /Users/me/myprojects/moqui-trade/runtime/conf/MoquiDevConf.xml
[32m09:03:00.375  INFO         main .moqui.i.c.ExecutionContextFactoryImpl[m Setting property instance_purpose from default with value [dev]
[32m09:03:00.375  INFO         main .moqui.i.c.ExecutionContextFactoryImpl[m Setting property default_locale from default with value [en_US]
[32m09:03:00.375  INFO         main .moqui.i.c.ExecutionContextFactoryImpl[m Setting property default_time_zone from default with value [UTC]
[32m09:03:00.375  INFO         main .moqui.i.c.ExecutionContextFactoryImpl[m Setting property database_time_zone from default with value [UTC]
[32m09:03:00.375  INFO         main .moqui.i.c.ExecutionContextFactoryImpl[m Setting property webapp_https_enabled from default with value [false]
[32m09:03:00.375  INFO         main .moqui.i.c.ExecutionContextFactoryImpl[m Setting property webapp_allow_origins from default with value [*]
[32m09:03:00.375  INFO         main .moqui.i.c.ExecutionContextFactoryImpl[m Setting property webapp_handle_cors from default with value [true]
[32m09:03:00.375  INFO         main .moqui.i.c.ExecutionContextFactoryImpl[m Setting property webapp_status_ips from default with value [127.0.0.1]
[32m09:03:00.375  INFO         main .moqui.i.c.ExecutionContextFactoryImpl[m Setting property webapp_require_session_token from default with value [true]
[32m09:03:00.375  INFO         main .moqui.i.c.ExecutionContextFactoryImpl[m Setting property webapp_upload_executable_allow from default with value [false]
[32m09:03:00.375  INFO         main .moqui.i.c.ExecutionContextFactoryImpl[m Setting property entity_ds_db_conf from default with value [h2]
[32m09:03:00.375  INFO         main .moqui.i.c.ExecutionContextFactoryImpl[m Setting property entity_ds_host from default with value [127.0.0.1]
[32m09:03:00.375  INFO         main .moqui.i.c.ExecutionContextFactoryImpl[m Setting property entity_ds_database from default with value [moqui]
[32m09:03:00.381  INFO         main .moqui.i.c.ExecutionContextFactoryImpl[m Setting property entity_ds_url from default with value [jdbc:h2:/Users/me/myprojects/moqui-trade/runtime/db/h2/moqui;lock_timeout=30000]
[32m09:03:00.381  INFO         main .moqui.i.c.ExecutionContextFactoryImpl[m Setting property entity_ds_user from default with value [sa]
[32m09:03:00.381  INFO         main .moqui.i.c.ExecutionContextFactoryImpl[m Setting secret property entity_ds_password from default
[32m09:03:00.381  INFO         main .moqui.i.c.ExecutionContextFactoryImpl[m Setting secret property entity_ds_crypt_pass from default
[32m09:03:00.381  INFO         main .moqui.i.c.ExecutionContextFactoryImpl[m Setting secret property entity_ds_crypt_pass_old from default
[32m09:03:00.381  INFO         main .moqui.i.c.ExecutionContextFactoryImpl[m Setting property entity_add_missing_runtime from default with value [false]
[32m09:03:00.381  INFO         main .moqui.i.c.ExecutionContextFactoryImpl[m Setting property entity_add_missing_startup from default with value [true]
[32m09:03:00.381  INFO         main .moqui.i.c.ExecutionContextFactoryImpl[m Setting property entity_lock_track from default with value [true]
[32m09:03:00.381  INFO         main .moqui.i.c.ExecutionContextFactoryImpl[m Setting property entity_statement_timeout from default with value [false]
[32m09:03:00.381  INFO         main .moqui.i.c.ExecutionContextFactoryImpl[m Setting property entity_empty_db_load from default with value [all]
[32m09:03:00.381  INFO         main .moqui.i.c.ExecutionContextFactoryImpl[m Setting property entity_on_start_load_types from default with value [none]
[32m09:03:00.382  INFO         main .moqui.i.c.ExecutionContextFactoryImpl[m Setting property entity_ds_c1_disabled from default with value [true]
[32m09:03:00.382  INFO         main .moqui.i.c.ExecutionContextFactoryImpl[m Setting property entity_ds_c1_db_conf from default with value [mysql]
[32m09:03:00.382  INFO         main .moqui.i.c.ExecutionContextFactoryImpl[m Setting property scheduled_job_check_time from default with value [60]
[32m09:03:00.382  INFO         main .moqui.i.c.ExecutionContextFactoryImpl[m Setting property elasticsearch_url from default with value [http://127.0.0.1:9200]
[32m09:03:00.382  INFO         main .moqui.i.c.ExecutionContextFactoryImpl[m Setting property kibana_host from default with value [127.0.0.1]
[32m09:03:00.382  INFO         main .moqui.i.c.ExecutionContextFactoryImpl[m Setting property kibana_port from default with value [5601]
[32m09:03:00.383  INFO         main .moqui.i.c.ExecutionContextFactoryImpl[m Found default_time_zone UTC: sun.util.calendar.ZoneInfo[id="UTC",offset=0,dstSavings=0,useDaylight=false,transitions=0,lastRule=null]
[32m09:03:00.383  INFO         main .moqui.i.c.ExecutionContextFactoryImpl[m Default locale en_US, time zone sun.util.calendar.ZoneInfo[id="UTC",offset=0,dstSavings=0,useDaylight=false,transitions=0,lastRule=null]
[32m09:03:00.403  INFO         main .moqui.i.c.ExecutionContextFactoryImpl[m Initializing worker ThreadPoolExecutor: queue limit 65535, pool-core 16, pool-max 32, pool-alive 60s
[32m09:03:00.406  INFO         main .moqui.i.c.ExecutionContextFactoryImpl[m Initializing MClassLoader context org.eclipse.jetty.ee.webapp.WebAppClassLoader cur class org.eclipse.jetty.ee.webapp.WebAppClassLoader system null
Starting MClassLoader with parent org.eclipse.jetty.ee.webapp.WebAppClassLoader
[32m09:03:00.410  INFO         main .moqui.i.c.ExecutionContextFactoryImpl[m Initialized MClassLoader with parent org.eclipse.jetty.ee.webapp.WebAppClassLoader
[32m09:03:00.429  INFO         main .moqui.i.c.ExecutionContextFactoryImpl[m Added JARs from component moqui-fop: [antlr4-runtime-4.5.3.jar, avalon-framework-api-4.3.1.jar, avalon-framework-impl-4.2.0.jar, avalon-framework-impl-4.3.1.jar, barcode4j-2.1.jar, barcode4j-fop-ext-2.1.jar, batik-anim-1.19.jar, batik-awt-util-1.19.jar, batik-bridge-1.19.jar, batik-codec-1.19.jar, batik-constants-1.19.jar, batik-css-1.19.jar, batik-dom-1.19.jar, batik-ext-1.19.jar, batik-extension-1.19.jar, batik-gvt-1.19.jar, batik-i18n-1.19.jar, batik-parser-1.19.jar, batik-script-1.19.jar, batik-shared-resources-1.19.jar, batik-svg-dom-1.19.jar, batik-svggen-1.19.jar, batik-transcoder-1.19.jar, batik-util-1.19.jar, batik-xml-1.19.jar, commons-cli-1.0.jar, commons-lang-1.0.jar, cssbox-4.17.jar, cssbox-pdf-1.0-SNAPSHOT.jar, fontbox-3.0.6.jar, fop-core-2.11.jar, fop-events-2.11.jar, fop-util-2.11.jar, jstyleparser-3.5.jar, junit-3.7.jar, moqui-fop-2.0.0.jar, nekohtml-1.9.22.jar, pdfbox-3.0.6.jar, pdfbox-io-3.0.6.jar, qdox-1.12.jar, unbescape-1.1.6.RELEASE.jar, xml-apis-1.4.01.jar, xml-apis-ext-1.3.04.jar, xmlgraphics-commons-2.11.jar]
[32m09:03:00.430  INFO         main .moqui.i.c.ExecutionContextFactoryImpl[m Added JARs from component example: [example-4.0.0.jar]
[32m09:03:00.430  INFO         main .moqui.i.c.ExecutionContextFactoryImpl[m Initialized ClassLoaders in 25ms
[32m09:03:00.433  INFO         main .moqui.i.c.ExecutionContextFactoryImpl[m Not loading disabled ToolFactory with class: org.moqui.impl.tools.JackrabbitRunToolFactory
[32m09:03:00.433  INFO         main .moqui.i.c.ExecutionContextFactoryImpl[m Not loading disabled ToolFactory with class: org.moqui.impl.tools.SubEthaSmtpToolFactory
[32m09:03:00.434  INFO         main .moqui.i.c.ExecutionContextFactoryImpl[m Loading ToolFactory with class: org.moqui.impl.tools.MCacheToolFactory
[32m09:03:00.436  INFO         main .moqui.i.c.ExecutionContextFactoryImpl[m Loading ToolFactory with class: org.moqui.impl.tools.H2ServerToolFactory
[32m09:03:00.438  INFO         main .moqui.i.c.ExecutionContextFactoryImpl[m Loading ToolFactory with class: org.moqui.fop.FopToolFactory
[32m09:03:00.443  INFO         main .moqui.i.c.ExecutionContextFactoryImpl[m Cache Facade initialized
[32m09:03:00.502  INFO         main         o.moqui.i.c.ResourceFacadeImpl[m Using xsl-fo-handler-factory FOP (org.moqui.fop.FopToolFactory)
[32m09:03:00.502  INFO         main .moqui.i.c.ExecutionContextFactoryImpl[m Resource Facade initialized
[33m09:03:00.521  WARN         main                     b.tm.Configuration[m Cannot get the unique server ID for this JVM ('bitronix.tm.serverId'). Make sure it is configured and you use only US-ASCII characters. Will use IP address instead (unsafe for production usage!).
[32m09:03:00.574  INFO         main      o.moqui.i.c.TransactionFacadeImpl[m Internal transaction manager initialized: UserTransaction class bitronix.tm.BitronixTransactionManager, TransactionManager class bitronix.tm.BitronixTransactionManager
[32m09:03:00.574  INFO         main .moqui.i.c.ExecutionContextFactoryImpl[m Transaction Facade initialized
[32m09:03:00.599  INFO         main           o.moqui.i.e.EntityFacadeImpl[m Database time zone is sun.util.calendar.ZoneInfo[id="UTC",offset=0,dstSavings=0,useDaylight=false,transitions=0,lastRule=null]
[32m09:03:00.642  INFO         main .moqui.i.c.TransactionInternalBitronix[m Initializing DataSource transactional_DS (h2) with properties: [user:sa, url:jdbc:h2:/Users/me/myprojects/moqui-trade/runtime/db/h2/moqui;lock_timeout=30000]
[32m09:03:00.935  INFO         main .moqui.i.c.TransactionInternalBitronix[m Init DataSource transactional_DS (h2) isolation READ_COMMITTED (2), max pool 50
[32m09:03:00.941  INFO         main           o.moqui.i.e.EntityFacadeImpl[m Skipping disabled datasource transactional#clone1
[32m09:03:00.948  INFO         main                o.moqui.i.e.EntityCache[m Entity Cache initialized, distributed cache invalidate enabled: false
[32m09:03:00.953  INFO         main .moqui.i.c.ExecutionContextFactoryImpl[m Entity Facade initialized
[32m09:03:00.995  INFO         main                    o.moqui.i.s.RestApi[m Loaded REST API from moqui.rest.xml (83 paths, 89 methods)
[32m09:03:01.005  INFO         main                    o.moqui.i.s.RestApi[m Loaded REST API from mantle.rest.xml (392 paths, 416 methods)
[32m09:03:01.007  INFO         main                    o.moqui.i.s.RestApi[m Loaded REST API from pop.rest.xml (42 paths, 41 methods)
[32m09:03:01.008  INFO         main                    o.moqui.i.s.RestApi[m Loaded REST API from trade.rest.xml (22 paths, 23 methods)
[32m09:03:01.009  INFO         main                    o.moqui.i.s.RestApi[m Loaded REST API from example.rest.xml (12 paths, 28 methods)
[32m09:03:01.009  INFO         main                    o.moqui.i.s.RestApi[m Loaded REST API files, 5 roots, in 41ms
[32m09:03:01.010  INFO         main          o.moqui.i.s.ServiceFacadeImpl[m Setting Service Job worker pool size to 16 based on available processors * 2
[32m09:03:01.010  INFO         main          o.moqui.i.s.ServiceFacadeImpl[m Initializing Service Job ThreadPoolExecutor: queue limit 0, pool-core 2, pool-max 16, pool-alive 120s
[32m09:03:01.011  INFO         main .moqui.i.c.ExecutionContextFactoryImpl[m Service Facade initialized
[32m09:03:01.017  INFO         main .moqui.i.c.ExecutionContextFactoryImpl[m Screen Facade initialized
[32m09:03:01.017  INFO         main           o.moqui.i.e.EntityFacadeImpl[m Loading entity definitions
[32m09:03:01.072  INFO         main           o.moqui.i.e.EntityFacadeImpl[m Found entities in 46 files in 54ms
[32m09:03:01.183  INFO         main           o.moqui.i.e.EntityFacadeImpl[m Found 1 view-entity definitions in database (DbViewEntity records)
[32m09:03:01.273  INFO         main                  o.moqui.i.e.FieldInfo[m Replacing column name VALUE with replace name THE_VALUE for entity mantle.party.PartyDimension
[32m09:03:01.281  INFO         main                  o.moqui.i.e.FieldInfo[m Replacing column name VALUE with replace name THE_VALUE for entity mantle.product.ProductDimension
[32m09:03:01.283  INFO         main                  o.moqui.i.e.FieldInfo[m Replacing column name VALUE with replace name THE_VALUE for entity mantle.product.ProductDimensionAndType
[32m09:03:01.284  INFO         main                  o.moqui.i.e.FieldInfo[m Replacing column name VALUE with replace name THE_VALUE for entity mantle.product.ProductUomDimension
[32m09:03:01.285  INFO         main                  o.moqui.i.e.FieldInfo[m Replacing column name VALUE with replace name THE_VALUE for entity mantle.product.ProductUomDimensionAndType
[32m09:03:01.351  INFO         main                  o.moqui.i.e.FieldInfo[m Replacing column name VALUE with replace name THE_VALUE for entity moqui.screen.form.DbFormFieldAttribute
[32m09:03:01.351  INFO         main                  o.moqui.i.e.FieldInfo[m Replacing column name VALUE with replace name THE_VALUE for entity moqui.screen.form.DbFormFieldEntOptsCond
[32m09:03:01.375  INFO         main           o.moqui.i.e.EntityDefinition[m Throwing out field alias in view entity trade.importlc.ImportLetterOfCreditView because one already exists with the alias name [beneficiaryPartyId] and field name [inst(trade.TradeInstrument).beneficiaryPartyId], existing field name is [lc.beneficiaryPartyId]
[32m09:03:01.376  INFO         main           o.moqui.i.e.EntityFacadeImpl[m Loaded 901 entity definitions in 359ms
[32m09:03:01.386  INFO         main           o.moqui.i.e.EntityFacadeImpl[m Checking tables for entities in groups [transactional]
[32m09:03:01.414  INFO         main           o.moqui.i.e.EntityFacadeImpl[m Checked tables for all entities in 0.037 seconds
[32m09:03:01.420  INFO         main           o.moqui.i.e.EntityFacadeImpl[m Loaded 25 Entity ECA rules from 5 .eecas.xml files, 0 rules have no id, 25 EECA rules active
[32m09:03:01.447  INFO         main          o.moqui.i.s.ServiceFacadeImpl[m Loaded 60 Service ECA rules from 10 .secas.xml files, 0 rules have no id, 60 SECA rules active
[32m09:03:01.449  INFO         main          o.moqui.i.s.ServiceFacadeImpl[m Loaded [1] Email ECA rules from [file:/Users/me/myprojects/moqui-trade/runtime/component/example/service/Example.emecas.xml]
[32m09:03:01.449  INFO         main          o.moqui.i.s.ServiceFacadeImpl[m No distributed-factory specified, distributed async service calls will be run local only
[32m09:03:01.454  INFO         main          o.moqui.i.s.ServiceFacadeImpl[m Starting Scheduled Service Job Runner, checking for jobs every 60 seconds after a 120 second initial delay
[32m09:03:01.460  INFO         main .moqui.i.c.ExecutionContextFactoryImpl[m Initializing ToolFactory: MCache
[32m09:03:01.460  INFO         main .moqui.i.c.ExecutionContextFactoryImpl[m Initializing ToolFactory: H2Server
[32m09:03:01.476  INFO         main        o.moqui.i.t.H2ServerToolFactory[m Started H2 remote server on port 9092 status: TCP server running at tcp://192.168.1.183:9092 (only local connections)
[32m09:03:01.476  INFO         main        o.moqui.i.t.H2ServerToolFactory[m H2 args: [-tcpPort, 9092, -ifExists, -baseDir, /Users/me/myprojects/moqui-trade/runtime/db/h2]
[32m09:03:01.476  INFO         main .moqui.i.c.ExecutionContextFactoryImpl[m Initializing ToolFactory: FOP
[32m09:03:01.659  INFO         main          o.moqui.i.c.ElasticFacadeImpl[m Initializing ElasticFacade Client for cluster default at http://127.0.0.1:9200
[33m09:03:01.770  WARN         main               o.eclipse.j.u.s.S.config[m Trusting all certificates configured for oejus.SslContextFactory$Client@5a654e05[provider=null,keyStore=null,trustStore=null]
[33m09:03:01.771  WARN         main               o.eclipse.j.u.s.S.config[m No Client EndPointIdentificationAlgorithm configured for oejus.SslContextFactory$Client@5a654e05[provider=null,keyStore=null,trustStore=null]
[1;31m09:03:01.816 ERROR         main          o.moqui.i.c.ElasticFacadeImpl[m Error initializing ElasticClient for cluster default: java.util.concurrent.ExecutionException: java.net.ConnectException: Connection refused
[33m09:03:01.816  WARN         main          o.moqui.i.c.ElasticFacadeImpl[m No Elastic Client found with name 'logger' or 'default', not initializing ElasticSearchLogger
[32m09:03:01.816  INFO         main .moqui.i.c.ExecutionContextFactoryImpl[m Elastic Facade initialized
[32m09:03:01.817  INFO         main .moqui.i.c.ExecutionContextFactoryImpl[m Execution Context Factory initialized in 1.746 seconds
[32m09:03:01.825  INFO         main .moqui.i.c.ExecutionContextFactoryImpl[m Found 1889 Enumeration records, NOT loading empty-db-load data types (all)
[32m09:03:01.861  INFO         main ExecutionContextFactoryImpl$WebappInfo[m Initializing webapp webroot http://null:null https://null:null https enabled? false
[32m09:03:01.865  INFO         main       o.moqui.i.w.MoquiContextListener[m Added webapp filter ElasticRequestLogFilter on: [/*], [REQUEST]
[32m09:03:01.866  INFO         main       o.moqui.i.w.MoquiContextListener[m Added webapp filter ElasticAuthFilter on: [/elastic/*], []
[32m09:03:01.866  INFO         main       o.moqui.i.w.MoquiContextListener[m Added webapp filter KibanaAuthFilter on: [/kibana/*], []
[32m09:03:01.867  INFO         main       o.moqui.i.w.MoquiContextListener[m Added webapp listener org.moqui.impl.webapp.MoquiSessionListener
[32m09:03:01.874  INFO         main       o.moqui.i.w.MoquiContextListener[m Added servlet MoquiServlet on: [/*]
[32m09:03:01.876  INFO         main       o.moqui.i.w.MoquiContextListener[m Added servlet MoquiFopServlet on: [/fop/*]
[32m09:03:01.888  INFO         main       o.moqui.i.w.MoquiContextListener[m Added servlet ElasticSearchProxy on: [/elastic/*]
[32m09:03:01.892  INFO         main       o.moqui.i.w.MoquiContextListener[m Added servlet KibanaProxy on: [/kibana/*]
[32m09:03:01.894  INFO         main       o.moqui.i.w.MoquiContextListener[m Added servlet HtmlRenderServlet on: [/htmlr/*]
[32m09:03:01.895  INFO         main       o.moqui.i.w.MoquiContextListener[m Added servlet H2Console on: [/h2/*]
[32m09:03:01.895  INFO         main       o.moqui.i.w.MoquiContextListener[m Found WebSocket ServerContainer org.eclipse.jetty.ee11.websocket.jakarta.server.JakartaWebSocketServerContainer
[32m09:03:01.903  INFO         main       o.moqui.i.w.MoquiContextListener[m Added WebSocket endpoint /notws for class org.moqui.impl.webapp.NotificationEndpoint
[32m09:03:01.904  INFO         main       o.moqui.i.w.MoquiContextListener[m Added WebSocket endpoint /groovysh for class org.moqui.impl.webapp.GroovyShellEndpoint
[32m09:03:01.904  INFO         main       o.moqui.i.w.MoquiContextListener[m Moqui Framework initialized in 1.927 seconds
[1;31m09:03:01.905 ERROR         main    o.moqui.i.w.ElasticRequestLogFilter[m In ElasticRequestLogFilter init could not find ElasticClient with name logger or default, not starting
[32m09:03:01.942  INFO         main            o.moqui.i.w.MoquiFopServlet[m MoquiFopServlet initialized for webapp webroot
[32m09:03:01.942  INFO         main               o.moqui.i.w.MoquiServlet[m MoquiServlet initialized for webapp webroot
[32m09:03:01.943  INFO         main  o.eclipse.j.e.s.ServletContextHandler[m Started oeje11w.WebAppContext@4b6166aa{Moqui Root Webapp,/,b=file:///Users/me/myprojects/moqui-trade/execwartmp/ROOT/webapp/,a=AVAILABLE,h=oeje11s.SessionHandler@784abd3e{STARTED}}{file:/Users/me/myprojects/moqui-trade/moqui.war}
[32m09:03:01.947  INFO         main        o.eclipse.j.s.AbstractConnector[m Started oejs.ServerConnector@153d14e3{HTTP/1.1, (http/1.1)}{0.0.0.0:8080}
[32m09:03:01.947  INFO         main                   o.eclipse.j.s.Server[m Started oejs.Server@b91d8c4{STARTING}[12.1.5,sto=30000] @3731ms
[33m09:03:01.988  WARN 284686302-26               o.moqui.i.u.SimpleSigner[m Could not initialize signing key qz-private-key.pem: org.moqui.BaseException: Could not find signing key resource qz-private-key.pem on classpath
[32m09:03:02.350  INFO 284686302-26              o.moqui.i.c.WebFacadeImpl[m Service REST for GET to /rest/s1/trade/kpis headers [Host, User-Agent, Accept] parameters []
[32m09:03:02.461  INFO 284686302-29              o.moqui.i.c.WebFacadeImpl[m Service REST for GET to /rest/s1/trade/exposure-data headers [Host, User-Agent, Accept] parameters []
[1;31m09:03:02.465 ERROR 284686302-29      o.moqui.i.c.r.FtlTemplateRenderer[m Error from FTL in render
freemarker.core._MiscTemplateException: No macro or directive is defined for node named "list-add", and there is no fallback handler called @element either.

----
FTL stack trace ("~" means nesting-related):
	- Failed at: #recurse  [in template "classpath://template/XmlActions.groovy.ftl" in macro "iterate" at line 288, column 13]
	- Reached through: #recurse  [in template "classpath://template/XmlActions.groovy.ftl" in macro "actions" at line 24, column 1]
	- Reached through: #visit xmlActionsRoot  [in template "classpath://template/XmlActions.groovy.ftl" at line 21, column 1]
----
	at org.moqui.impl.actions.XmlAction.getGroovyString(XmlAction.java:119)
	at org.moqui.impl.actions.XmlAction.makeGroovyClass(XmlAction.java:98)
	at org.moqui.impl.actions.XmlAction.getGroovyClass(XmlAction.java:94)
	at org.moqui.impl.actions.XmlAction.run(XmlAction.java:61)
	at org.moqui.impl.service.runner.InlineServiceRunner.runService(InlineServiceRunner.java:59)
	at org.moqui.impl.service.ServiceCallSyncImpl.callSingle(ServiceCallSyncImpl.java:322)
	at org.moqui.impl.service.ServiceCallSyncImpl.call(ServiceCallSyncImpl.java:125)
	at org.moqui.impl.service.RestApi$MethodService.run(RestApi.groovy:249)
	at org.moqui.impl.service.RestApi$PathNode.runByMethod(RestApi.groovy:629)
	at org.moqui.impl.service.RestApi$PathNode.visitChildOrRun(RestApi.groovy:683)
	at org.moqui.impl.service.RestApi$ResourceNode.visit(RestApi.groovy:760)
	at org.moqui.impl.service.RestApi$PathNode.visitChildOrRun(RestApi.groovy:670)
	at org.moqui.impl.service.RestApi$ResourceNode.visit(RestApi.groovy:760)
	at org.moqui.impl.service.RestApi.run(RestApi.groovy:110)
	at org.moqui.impl.context.WebFacadeImpl.handleServiceRestCall(WebFacadeImpl.groovy:1095)
	at component___webroot_screen_webroot_rest_xml_transition_s1_actions.run(component___webroot_screen_webroot_rest_xml_transition_s1_actions:10)
	at org.moqui.impl.actions.XmlAction.run(XmlAction.java:67)
	at org.moqui.impl.screen.ScreenDefinition$TransitionItem.run(ScreenDefinition.groovy:988)
	at org.moqui.impl.screen.ScreenRenderImpl.recursiveRunTransition(ScreenRenderImpl.groovy:752)
	at org.moqui.impl.screen.ScreenRenderImpl.recursiveRunTransition(ScreenRenderImpl.groovy:748)
	at org.moqui.impl.screen.ScreenRenderImpl.internalRender(ScreenRenderImpl.groovy:457)
	at org.moqui.impl.screen.ScreenRenderImpl.render(ScreenRenderImpl.groovy:173)
	at org.moqui.impl.webapp.MoquiServlet.service(MoquiServlet.groovy:118)
	at jakarta.servlet.http.HttpServlet.service(HttpServlet.java:723)
	at org.moqui.impl.webapp.ElasticRequestLogFilter.doFilter(ElasticRequestLogFilter.groovy:96)
	at java.base/java.lang.Thread.run(Thread.java:1583)
[1;31m09:03:02.507 ERROR 284686302-29      o.moqui.i.c.r.FtlTemplateRenderer[m Error from FTL in render
freemarker.core._MiscTemplateException: No macro or directive is defined for node named "list-add", and there is no fallback handler called @element either.

----
FTL stack trace ("~" means nesting-related):
	- Failed at: #recurse  [in template "classpath://template/XmlActions.groovy.ftl" in macro "iterate" at line 288, column 13]
	- Reached through: #recurse  [in template "classpath://template/XmlActions.groovy.ftl" in macro "actions" at line 24, column 1]
	- Reached through: #visit xmlActionsRoot  [in template "classpath://template/XmlActions.groovy.ftl" at line 21, column 1]
----
	at org.moqui.impl.actions.XmlAction.getGroovyString(XmlAction.java:119)
	at org.moqui.impl.actions.XmlAction.writeGroovyWithLines(XmlAction.java:85)
	at org.moqui.impl.actions.XmlAction.makeGroovyClass(XmlAction.java:104)
	at org.moqui.impl.actions.XmlAction.getGroovyClass(XmlAction.java:94)
	at org.moqui.impl.actions.XmlAction.run(XmlAction.java:61)
	at org.moqui.impl.service.runner.InlineServiceRunner.runService(InlineServiceRunner.java:59)
	at org.moqui.impl.service.ServiceCallSyncImpl.callSingle(ServiceCallSyncImpl.java:322)
	at org.moqui.impl.service.ServiceCallSyncImpl.call(ServiceCallSyncImpl.java:125)
	at org.moqui.impl.service.RestApi$MethodService.run(RestApi.groovy:249)
	at org.moqui.impl.service.RestApi$PathNode.runByMethod(RestApi.groovy:629)
	at org.moqui.impl.service.RestApi$PathNode.visitChildOrRun(RestApi.groovy:683)
	at org.moqui.impl.service.RestApi$ResourceNode.visit(RestApi.groovy:760)
	at org.moqui.impl.service.RestApi$PathNode.visitChildOrRun(RestApi.groovy:670)
	at org.moqui.impl.service.RestApi$ResourceNode.visit(RestApi.groovy:760)
	at org.moqui.impl.service.RestApi.run(RestApi.groovy:110)
	at org.moqui.impl.context.WebFacadeImpl.handleServiceRestCall(WebFacadeImpl.groovy:1095)
	at component___webroot_screen_webroot_rest_xml_transition_s1_actions.run(component___webroot_screen_webroot_rest_xml_transition_s1_actions:10)
	at org.moqui.impl.actions.XmlAction.run(XmlAction.java:67)
	at org.moqui.impl.screen.ScreenDefinition$TransitionItem.run(ScreenDefinition.groovy:988)
	at org.moqui.impl.screen.ScreenRenderImpl.recursiveRunTransition(ScreenRenderImpl.groovy:752)
	at org.moqui.impl.screen.ScreenRenderImpl.recursiveRunTransition(ScreenRenderImpl.groovy:748)
	at org.moqui.impl.screen.ScreenRenderImpl.internalRender(ScreenRenderImpl.groovy:457)
	at org.moqui.impl.screen.ScreenRenderImpl.render(ScreenRenderImpl.groovy:173)
	at org.moqui.impl.webapp.MoquiServlet.service(MoquiServlet.groovy:118)
	at jakarta.servlet.http.HttpServlet.service(HttpServlet.java:723)
	at org.moqui.impl.webapp.ElasticRequestLogFilter.doFilter(ElasticRequestLogFilter.groovy:96)
	at java.base/java.lang.Thread.run(Thread.java:1583)
[1;31m09:03:02.507 ERROR 284686302-29                  o.moqui.i.a.XmlAction[m Error parsing groovy String at [trade.LimitServices.get#ExposureData]:
1 : import static org.moqui.util.ObjectUtilities.*
2 : import static org.moqui.util.CollectionUtilities.*
3 : import static org.moqui.util.StringUtilities.*
4 : import java.sql.Timestamp
5 : import java.sql.Time
6 : import java.time.*
7 : // these are in the context by default: ExecutionContext ec, Map<String, Object> context, Map<String, Object> result
8 :     facilityList_xafind = ec.entity.find("trade.CustomerFacility")
9 :             
10 :             facilityList = facilityList_xafind.list()
11 :     totalLimit = basicConvert(0.0, "BigDecimal")
12 :     totalFirm = basicConvert(0.0, "BigDecimal")
13 :     totalContingent = basicConvert(0.0, "BigDecimal")
14 :     totalReserved = basicConvert(0.0, "BigDecimal")
15 :     facilityBreakdown = ([])
16 :     if (true) {
17 :         int facility_index = 0
18 :         Iterator _facilityIterator = facilityList.iterator()
19 :         // behave differently for EntityListIterator, avoid using hasNext()
20 :         boolean facilityIsEli = (_facilityIterator instanceof org.moqui.entity.EntityListIterator)
21 :         while (facilityIsEli || _facilityIterator.hasNext()) {
22 :             facility = _facilityIterator.next()
23 :             if (facilityIsEli && facility == null) break
24 :             if (!facilityIsEli) facility_has_next = _facilityIterator.hasNext()
25 : 
26 :             // begin iterator internal block
27 :     totalLimit = (totalLimit + (facility.totalApprovedLimit ?: 0))
28 :     instrumentList_xafind = ec.entity.find("trade.TradeInstrument")
29 :             .condition((org.moqui.entity.EntityCondition) ec.entity.conditionFactory.makeActionConditionDirect("customerFacilityId", "equals", facility.facilityId, null, null, false, false, false, "false")).condition((org.moqui.entity.EntityCondition) ec.entity.conditionFactory.makeActionConditionDirect("transactionStatusId", "in", transactionStatusId, "TX_DRAFT,TX_PENDING,TX_APPROVED", null, false, false, false, "false"))
30 :             instrumentList = instrumentList_xafind.list()
31 :     fFirm = basicConvert(0.0, "BigDecimal")
32 :     fContingent = basicConvert(0.0, "BigDecimal")
33 :     fReserved = basicConvert(0.0, "BigDecimal")
34 :     if (true) {
35 :         int inst_index = 0
36 :         Iterator _instIterator = instrumentList.iterator()
37 :         // behave differently for EntityListIterator, avoid using hasNext()
38 :         boolean instIsEli = (_instIterator instanceof org.moqui.entity.EntityListIterator)
39 :         while (instIsEli || _instIterator.hasNext()) {
40 :             inst = _instIterator.next()
41 :             if (instIsEli && inst == null) break
42 :             if (!instIsEli) inst_has_next = _instIterator.hasNext()
43 : 
44 :             // begin iterator internal block
45 :     if (inst.transactionStatusId == 'TX_APPROVED') {
46 :     fFirm = (fFirm + (inst.baseEquivalentAmount ?: 0))
47 :     } else if (inst.transactionStatusId == 'TX_PENDING') {
48 :     fContingent = (fContingent + (inst.baseEquivalentAmount ?: 0))
49 :     } else if (inst.transactionStatusId == 'TX_DRAFT') {
50 :     fReserved = (fReserved + (inst.baseEquivalentAmount ?: 0))
51 :     }
52 : 
53 :             // end iterator internal block for list instrumentList
54 : 
55 :             inst_index++
56 :         }
57 :         if(instIsEli) _instIterator.close()
58 :     }
59 :     totalFirm = (totalFirm + fFirm)
60 :     totalContingent = (totalContingent + fContingent)
61 :     totalReserved = (totalReserved + fReserved)
62 :     if (true) {
63 :         org.moqui.entity.EntityValue find_one_result = ec.entity.find("trade.TradeParty")
64 :                 .condition("partyId", facility.ownerPartyId).one()
65 :         if (party instanceof Map && !(party instanceof org.moqui.entity.EntityValue)) { if (find_one_result) party.putAll(find_one_result) } else { party = find_one_result }
66 :     }
67 :     breakdownItem = ([                     facilityId: facility.facilityId,                     facilityName: party?.partyName ?: facility.facilityId,                     limit: facility.totalApprovedLimit,                     firm: fFirm,                     contingent: fContingent,                     reserved: fReserved,                     available: (facility.totalApprovedLimit ?: 0) - (fFirm + fContingent + fReserved)                 ])
68 : [Template Error: No macro or directive is defined for node named "list-add", and there is no fallback handler called @element either.
69 : 
70 : ----
71 : FTL stack trace ("~" means nesting-related):
72 : 	- Failed at: #recurse  [in template "classpath://template/XmlActions.groovy.ftl" in macro "iterate" at line 288, column 13]
73 : 	- Reached through: #recurse  [in template "classpath://template/XmlActions.groovy.ftl" in macro "actions" at line 24, column 1]
74 : 	- Reached through: #visit xmlActionsRoot  [in template "classpath://template/XmlActions.groovy.ftl" at line 21, column 1]
75 : ----]            // end iterator internal block for list facilityList
76 : 
77 :             facility_index++
78 :         }
79 :         if(facilityIsEli) _facilityIterator.close()
80 :     }
81 :     totalExposure = basicConvert(totalFirm + totalContingent + totalReserved, "BigDecimal")
82 :     utilizationPercent = (totalLimit > 0 ? (totalExposure / totalLimit) * 100 : 0)
83 : // make sure the last statement is not considered the return value
84 : return;


[33m09:03:02.509  WARN 284686302-29      o.moqui.i.c.TransactionFacadeImpl[m Transaction set rollback only. The rollback was originally caused by: Error running service trade.LimitServices.get#ExposureData (Throwable)
org.codehaus.groovy.control.MultipleCompilationErrorsException: startup failed:
trade_LimitServices_get_ExposureData: 68: Unexpected input: '{\n        int facility_index = 0\n        Iterator _facilityIterator = facilityList.iterator()\n        // behave differently for EntityListIterator, avoid using hasNext()\n        boolean facilityIsEli = (_facilityIterator instanceof org.moqui.entity.EntityListIterator)\n        while (facilityIsEli || _facilityIterator.hasNext()) {\n            facility = _facilityIterator.next()\n            if (facilityIsEli && facility == null) break\n            if (!facilityIsEli) facility_has_next = _facilityIterator.hasNext()\n\n            // begin iterator internal block\n    totalLimit = (totalLimit + (facility.totalApprovedLimit ?: 0))\n    instrumentList_xafind = ec.entity.find("trade.TradeInstrument")\n            .condition((org.moqui.entity.EntityCondition) ec.entity.conditionFactory.makeActionConditionDirect("customerFacilityId", "equals", facility.facilityId, null, null, false, false, false, "false")).condition((org.moqui.entity.EntityCondition) ec.entity.conditionFactory.makeActionConditionDirect("transactionStatusId", "in", transactionStatusId, "TX_DRAFT,TX_PENDING,TX_APPROVED", null, false, false, false, "false"))\n            instrumentList = instrumentList_xafind.list()\n    fFirm = basicConvert(0.0, "BigDecimal")\n    fContingent = basicConvert(0.0, "BigDecimal")\n    fReserved = basicConvert(0.0, "BigDecimal")\n    if (true) {\n        int inst_index = 0\n        Iterator _instIterator = instrumentList.iterator()\n        // behave differently for EntityListIterator, avoid using hasNext()\n        boolean instIsEli = (_instIterator instanceof org.moqui.entity.EntityListIterator)\n        while (instIsEli || _instIterator.hasNext()) {\n            inst = _instIterator.next()\n            if (instIsEli && inst == null) break\n            if (!instIsEli) inst_has_next = _instIterator.hasNext()\n\n            // begin iterator internal block\n    if (inst.transactionStatusId == 'TX_APPROVED') {\n    fFirm = (fFirm + (inst.baseEquivalentAmount ?: 0))\n    } else if (inst.transactionStatusId == 'TX_PENDING') {\n    fContingent = (fContingent + (inst.baseEquivalentAmount ?: 0))\n    } else if (inst.transactionStatusId == 'TX_DRAFT') {\n    fReserved = (fReserved + (inst.baseEquivalentAmount ?: 0))\n    }\n\n            // end iterator internal block for list instrumentList\n\n            inst_index++\n        }\n        if(instIsEli) _instIterator.close()\n    }\n    totalFirm = (totalFirm + fFirm)\n    totalContingent = (totalContingent + fContingent)\n    totalReserved = (totalReserved + fReserved)\n    if (true) {\n        org.moqui.entity.EntityValue find_one_result = ec.entity.find("trade.TradeParty")\n                .condition("partyId", facility.ownerPartyId).one()\n        if (party instanceof Map && !(party instanceof org.moqui.entity.EntityValue)) { if (find_one_result) party.putAll(find_one_result) } else { party = find_one_result }\n    }\n    breakdownItem = ([                     facilityId: facility.facilityId,                     facilityName: party?.partyName ?: facility.facilityId,                     limit: facility.totalApprovedLimit,                     firm: fFirm,                     contingent: fContingent,                     reserved: fReserved,                     available: (facility.totalApprovedLimit ?: 0) - (fFirm + fContingent + fReserved)                 ])\n[Template Error' @ line 68, column 11.
   [Template Error: No macro or directive is defined for node named "list-add", and there is no fallback handler called @element either.
             ^

1 error

	at org.apache.groovy.parser.antlr4.AstBuilder.collectSyntaxError(AstBuilder.java:4714)
	at org.apache.groovy.parser.antlr4.AstBuilder$3.syntaxError(AstBuilder.java:4725)
	at groovyjarjarantlr4.v4.runtime.ProxyErrorListener.syntaxError(ProxyErrorListener.java:44)
	at groovyjarjarantlr4.v4.runtime.Parser.notifyErrorListeners(Parser.java:543)
	at groovyjarjarantlr4.v4.runtime.DefaultErrorStrategy.notifyErrorListeners(DefaultErrorStrategy.java:154)
	at org.apache.groovy.parser.antlr4.internal.DescriptiveErrorStrategy.reportNoViableAlternative(DescriptiveErrorStrategy.java:92)
	at groovyjarjarantlr4.v4.runtime.DefaultErrorStrategy.reportError(DefaultErrorStrategy.java:139)
	at org.apache.groovy.parser.antlr4.GroovyParser.statement(GroovyParser.java:6953)
	at org.apache.groovy.parser.antlr4.GroovyParser.ifElseStatement(GroovyParser.java:6009)
	at org.apache.groovy.parser.antlr4.GroovyParser.conditionalStatement(GroovyParser.java:5936)
	at org.apache.groovy.parser.antlr4.GroovyParser.statement(GroovyParser.java:6816)
	at org.apache.groovy.parser.antlr4.GroovyParser.scriptStatement(GroovyParser.java:515)
	at org.apache.groovy.parser.antlr4.GroovyParser.scriptStatements(GroovyParser.java:425)
	at org.apache.groovy.parser.antlr4.GroovyParser.compilationUnit(GroovyParser.java:361)
	at org.apache.groovy.parser.antlr4.AstBuilder.buildCST(AstBuilder.java:250)
	at org.apache.groovy.parser.antlr4.AstBuilder.buildCST(AstBuilder.java:228)
	at org.apache.groovy.parser.antlr4.AstBuilder.buildAST(AstBuilder.java:269)
	at org.apache.groovy.parser.antlr4.Antlr4ParserPlugin.buildAST(Antlr4ParserPlugin.java:58)
	at java.base/java.util.Iterator.forEachRemaining(Iterator.java:133)
	at java.base/java.util.Spliterators$IteratorSpliterator.forEachRemaining(Spliterators.java:1939)
	at java.base/java.util.stream.ReferencePipeline$Head.forEach(ReferencePipeline.java:762)
	at org.moqui.impl.context.ExecutionContextFactoryImpl.compileGroovy(ExecutionContextFactoryImpl.groovy:1102)
	at org.moqui.impl.actions.XmlAction.makeGroovyClass(XmlAction.java:101)
	at org.moqui.impl.actions.XmlAction.getGroovyClass(XmlAction.java:94)
	at org.moqui.impl.actions.XmlAction.run(XmlAction.java:61)
	at org.moqui.impl.service.runner.InlineServiceRunner.runService(InlineServiceRunner.java:59)
	at org.moqui.impl.service.ServiceCallSyncImpl.callSingle(ServiceCallSyncImpl.java:322)
	at org.moqui.impl.service.ServiceCallSyncImpl.call(ServiceCallSyncImpl.java:125)
	at org.moqui.impl.service.RestApi$MethodService.run(RestApi.groovy:249)
	at org.moqui.impl.service.RestApi$PathNode.runByMethod(RestApi.groovy:629)
	at org.moqui.impl.service.RestApi$PathNode.visitChildOrRun(RestApi.groovy:683)
	at org.moqui.impl.service.RestApi$ResourceNode.visit(RestApi.groovy:760)
	at org.moqui.impl.service.RestApi$PathNode.visitChildOrRun(RestApi.groovy:670)
	at org.moqui.impl.service.RestApi$ResourceNode.visit(RestApi.groovy:760)
	at org.moqui.impl.service.RestApi.run(RestApi.groovy:110)
	at org.moqui.impl.context.WebFacadeImpl.handleServiceRestCall(WebFacadeImpl.groovy:1095)
	at component___webroot_screen_webroot_rest_xml_transition_s1_actions.run(component___webroot_screen_webroot_rest_xml_transition_s1_actions:10)
	at org.moqui.impl.actions.XmlAction.run(XmlAction.java:67)
	at org.moqui.impl.screen.ScreenDefinition$TransitionItem.run(ScreenDefinition.groovy:988)
	at org.moqui.impl.screen.ScreenRenderImpl.recursiveRunTransition(ScreenRenderImpl.groovy:752)
	at org.moqui.impl.screen.ScreenRenderImpl.recursiveRunTransition(ScreenRenderImpl.groovy:748)
	at org.moqui.impl.screen.ScreenRenderImpl.internalRender(ScreenRenderImpl.groovy:457)
	at org.moqui.impl.screen.ScreenRenderImpl.render(ScreenRenderImpl.groovy:173)
	at org.moqui.impl.webapp.MoquiServlet.service(MoquiServlet.groovy:118)
	at jakarta.servlet.http.HttpServlet.service(HttpServlet.java:723)
	at org.moqui.impl.webapp.ElasticRequestLogFilter.doFilter(ElasticRequestLogFilter.groovy:96)
	at java.base/java.lang.Thread.run(Thread.java:1583)
[33m09:03:02.509  WARN 284686302-29      o.moqui.i.c.TransactionFacadeImpl[m Transaction set rollback only for [Error running service trade.LimitServices.get#ExposureData (Throwable)]. Here is the current location: 
org.moqui.BaseException: Set rollback only location
	at org.moqui.impl.context.TransactionFacadeImpl.setRollbackOnly(TransactionFacadeImpl.groovy:498)
	at org.moqui.impl.context.TransactionFacadeImpl.rollback(TransactionFacadeImpl.groovy:449)
	at org.moqui.impl.service.ServiceCallSyncImpl.callSingle(ServiceCallSyncImpl.java:347)
	at org.moqui.impl.service.ServiceCallSyncImpl.call(ServiceCallSyncImpl.java:125)
	at org.moqui.impl.service.RestApi$MethodService.run(RestApi.groovy:249)
	at org.moqui.impl.service.RestApi$PathNode.runByMethod(RestApi.groovy:629)
	at org.moqui.impl.service.RestApi$PathNode.visitChildOrRun(RestApi.groovy:683)
	at org.moqui.impl.service.RestApi$ResourceNode.visit(RestApi.groovy:760)
	at org.moqui.impl.service.RestApi$PathNode.visitChildOrRun(RestApi.groovy:670)
	at org.moqui.impl.service.RestApi$ResourceNode.visit(RestApi.groovy:760)
	at org.moqui.impl.service.RestApi.run(RestApi.groovy:110)
	at org.moqui.impl.context.WebFacadeImpl.handleServiceRestCall(WebFacadeImpl.groovy:1095)
	at component___webroot_screen_webroot_rest_xml_transition_s1_actions.run(component___webroot_screen_webroot_rest_xml_transition_s1_actions:10)
	at org.moqui.impl.actions.XmlAction.run(XmlAction.java:67)
	at org.moqui.impl.screen.ScreenDefinition$TransitionItem.run(ScreenDefinition.groovy:988)
	at org.moqui.impl.screen.ScreenRenderImpl.recursiveRunTransition(ScreenRenderImpl.groovy:752)
	at org.moqui.impl.screen.ScreenRenderImpl.recursiveRunTransition(ScreenRenderImpl.groovy:748)
	at org.moqui.impl.screen.ScreenRenderImpl.internalRender(ScreenRenderImpl.groovy:457)
	at org.moqui.impl.screen.ScreenRenderImpl.render(ScreenRenderImpl.groovy:173)
	at org.moqui.impl.webapp.MoquiServlet.service(MoquiServlet.groovy:118)
	at jakarta.servlet.http.HttpServlet.service(HttpServlet.java:723)
	at org.moqui.impl.webapp.ElasticRequestLogFilter.doFilter(ElasticRequestLogFilter.groovy:96)
	at java.base/java.lang.Thread.run(Thread.java:1583)
[33m09:03:02.510  WARN 284686302-29        o.moqui.i.s.ServiceCallSyncImpl[m Error running service trade.LimitServices.get#ExposureData (Throwable) Artifact stack: trade.LimitServices.get#ExposureData, /trade/exposure-data, /trade, component://webroot/screen/webroot/rest.xml/s1, component://webroot/screen/webroot/rest.xml, component://webroot/screen/webroot.xml
org.codehaus.groovy.control.MultipleCompilationErrorsException: startup failed:
trade_LimitServices_get_ExposureData: 68: Unexpected input: '{\n        int facility_index = 0\n        Iterator _facilityIterator = facilityList.iterator()\n        // behave differently for EntityListIterator, avoid using hasNext()\n        boolean facilityIsEli = (_facilityIterator instanceof org.moqui.entity.EntityListIterator)\n        while (facilityIsEli || _facilityIterator.hasNext()) {\n            facility = _facilityIterator.next()\n            if (facilityIsEli && facility == null) break\n            if (!facilityIsEli) facility_has_next = _facilityIterator.hasNext()\n\n            // begin iterator internal block\n    totalLimit = (totalLimit + (facility.totalApprovedLimit ?: 0))\n    instrumentList_xafind = ec.entity.find("trade.TradeInstrument")\n            .condition((org.moqui.entity.EntityCondition) ec.entity.conditionFactory.makeActionConditionDirect("customerFacilityId", "equals", facility.facilityId, null, null, false, false, false, "false")).condition((org.moqui.entity.EntityCondition) ec.entity.conditionFactory.makeActionConditionDirect("transactionStatusId", "in", transactionStatusId, "TX_DRAFT,TX_PENDING,TX_APPROVED", null, false, false, false, "false"))\n            instrumentList = instrumentList_xafind.list()\n    fFirm = basicConvert(0.0, "BigDecimal")\n    fContingent = basicConvert(0.0, "BigDecimal")\n    fReserved = basicConvert(0.0, "BigDecimal")\n    if (true) {\n        int inst_index = 0\n        Iterator _instIterator = instrumentList.iterator()\n        // behave differently for EntityListIterator, avoid using hasNext()\n        boolean instIsEli = (_instIterator instanceof org.moqui.entity.EntityListIterator)\n        while (instIsEli || _instIterator.hasNext()) {\n            inst = _instIterator.next()\n            if (instIsEli && inst == null) break\n            if (!instIsEli) inst_has_next = _instIterator.hasNext()\n\n            // begin iterator internal block\n    if (inst.transactionStatusId == 'TX_APPROVED') {\n    fFirm = (fFirm + (inst.baseEquivalentAmount ?: 0))\n    } else if (inst.transactionStatusId == 'TX_PENDING') {\n    fContingent = (fContingent + (inst.baseEquivalentAmount ?: 0))\n    } else if (inst.transactionStatusId == 'TX_DRAFT') {\n    fReserved = (fReserved + (inst.baseEquivalentAmount ?: 0))\n    }\n\n            // end iterator internal block for list instrumentList\n\n            inst_index++\n        }\n        if(instIsEli) _instIterator.close()\n    }\n    totalFirm = (totalFirm + fFirm)\n    totalContingent = (totalContingent + fContingent)\n    totalReserved = (totalReserved + fReserved)\n    if (true) {\n        org.moqui.entity.EntityValue find_one_result = ec.entity.find("trade.TradeParty")\n                .condition("partyId", facility.ownerPartyId).one()\n        if (party instanceof Map && !(party instanceof org.moqui.entity.EntityValue)) { if (find_one_result) party.putAll(find_one_result) } else { party = find_one_result }\n    }\n    breakdownItem = ([                     facilityId: facility.facilityId,                     facilityName: party?.partyName ?: facility.facilityId,                     limit: facility.totalApprovedLimit,                     firm: fFirm,                     contingent: fContingent,                     reserved: fReserved,                     available: (facility.totalApprovedLimit ?: 0) - (fFirm + fContingent + fReserved)                 ])\n[Template Error' @ line 68, column 11.
   [Template Error: No macro or directive is defined for node named "list-add", and there is no fallback handler called @element either.
             ^

1 error

	at org.apache.groovy.parser.antlr4.AstBuilder.collectSyntaxError(AstBuilder.java:4714)
	at org.apache.groovy.parser.antlr4.AstBuilder$3.syntaxError(AstBuilder.java:4725)
	at groovyjarjarantlr4.v4.runtime.ProxyErrorListener.syntaxError(ProxyErrorListener.java:44)
	at groovyjarjarantlr4.v4.runtime.Parser.notifyErrorListeners(Parser.java:543)
	at groovyjarjarantlr4.v4.runtime.DefaultErrorStrategy.notifyErrorListeners(DefaultErrorStrategy.java:154)
	at org.apache.groovy.parser.antlr4.internal.DescriptiveErrorStrategy.reportNoViableAlternative(DescriptiveErrorStrategy.java:92)
	at groovyjarjarantlr4.v4.runtime.DefaultErrorStrategy.reportError(DefaultErrorStrategy.java:139)
	at org.apache.groovy.parser.antlr4.GroovyParser.statement(GroovyParser.java:6953)
	at org.apache.groovy.parser.antlr4.GroovyParser.ifElseStatement(GroovyParser.java:6009)
	at org.apache.groovy.parser.antlr4.GroovyParser.conditionalStatement(GroovyParser.java:5936)
	at org.apache.groovy.parser.antlr4.GroovyParser.statement(GroovyParser.java:6816)
	at org.apache.groovy.parser.antlr4.GroovyParser.scriptStatement(GroovyParser.java:515)
	at org.apache.groovy.parser.antlr4.GroovyParser.scriptStatements(GroovyParser.java:425)
	at org.apache.groovy.parser.antlr4.GroovyParser.compilationUnit(GroovyParser.java:361)
	at org.apache.groovy.parser.antlr4.AstBuilder.buildCST(AstBuilder.java:250)
	at org.apache.groovy.parser.antlr4.AstBuilder.buildCST(AstBuilder.java:228)
	at org.apache.groovy.parser.antlr4.AstBuilder.buildAST(AstBuilder.java:269)
	at org.apache.groovy.parser.antlr4.Antlr4ParserPlugin.buildAST(Antlr4ParserPlugin.java:58)
	at java.base/java.util.Iterator.forEachRemaining(Iterator.java:133)
	at java.base/java.util.Spliterators$IteratorSpliterator.forEachRemaining(Spliterators.java:1939)
	at java.base/java.util.stream.ReferencePipeline$Head.forEach(ReferencePipeline.java:762)
	at org.moqui.impl.context.ExecutionContextFactoryImpl.compileGroovy(ExecutionContextFactoryImpl.groovy:1102)
	at org.moqui.impl.actions.XmlAction.makeGroovyClass(XmlAction.java:101)
	at org.moqui.impl.actions.XmlAction.getGroovyClass(XmlAction.java:94)
	at org.moqui.impl.actions.XmlAction.run(XmlAction.java:61)
	at org.moqui.impl.service.runner.InlineServiceRunner.runService(InlineServiceRunner.java:59)
	at org.moqui.impl.service.ServiceCallSyncImpl.callSingle(ServiceCallSyncImpl.java:322)
	at org.moqui.impl.service.ServiceCallSyncImpl.call(ServiceCallSyncImpl.java:125)
	at org.moqui.impl.service.RestApi$MethodService.run(RestApi.groovy:249)
	at org.moqui.impl.service.RestApi$PathNode.runByMethod(RestApi.groovy:629)
	at org.moqui.impl.service.RestApi$PathNode.visitChildOrRun(RestApi.groovy:683)
	at org.moqui.impl.service.RestApi$ResourceNode.visit(RestApi.groovy:760)
	at org.moqui.impl.service.RestApi$PathNode.visitChildOrRun(RestApi.groovy:670)
	at org.moqui.impl.service.RestApi$ResourceNode.visit(RestApi.groovy:760)
	at org.moqui.impl.service.RestApi.run(RestApi.groovy:110)
	at org.moqui.impl.context.WebFacadeImpl.handleServiceRestCall(WebFacadeImpl.groovy:1095)
	at component___webroot_screen_webroot_rest_xml_transition_s1_actions.run(component___webroot_screen_webroot_rest_xml_transition_s1_actions:10)
	at org.moqui.impl.actions.XmlAction.run(XmlAction.java:67)
	at org.moqui.impl.screen.ScreenDefinition$TransitionItem.run(ScreenDefinition.groovy:988)
	at org.moqui.impl.screen.ScreenRenderImpl.recursiveRunTransition(ScreenRenderImpl.groovy:752)
	at org.moqui.impl.screen.ScreenRenderImpl.recursiveRunTransition(ScreenRenderImpl.groovy:748)
	at org.moqui.impl.screen.ScreenRenderImpl.internalRender(ScreenRenderImpl.groovy:457)
	at org.moqui.impl.screen.ScreenRenderImpl.render(ScreenRenderImpl.groovy:173)
	at org.moqui.impl.webapp.MoquiServlet.service(MoquiServlet.groovy:118)
	at jakarta.servlet.http.HttpServlet.service(HttpServlet.java:723)
	at org.moqui.impl.webapp.ElasticRequestLogFilter.doFilter(ElasticRequestLogFilter.groovy:96)
	at java.base/java.lang.Thread.run(Thread.java:1583)
[1;31m09:03:02.510 ERROR 284686302-29          o.moqui.i.c.MessageFacadeImpl[m startup failed:
trade_LimitServices_get_ExposureData: 68: Unexpected input: '{\n        int facility_index = 0\n        Iterator _facilityIterator = facilityList.iterator()\n        // behave differently for EntityListIterator, avoid using hasNext()\n        boolean facilityIsEli = (_facilityIterator instanceof org.moqui.entity.EntityListIterator)\n        while (facilityIsEli || _facilityIterator.hasNext()) {\n            facility = _facilityIterator.next()\n            if (facilityIsEli && facility == null) break\n            if (!facilityIsEli) facility_has_next = _facilityIterator.hasNext()\n\n            // begin iterator internal block\n    totalLimit = (totalLimit + (facility.totalApprovedLimit ?: 0))\n    instrumentList_xafind = ec.entity.find("trade.TradeInstrument")\n            .condition((org.moqui.entity.EntityCondition) ec.entity.conditionFactory.makeActionConditionDirect("customerFacilityId", "equals", facility.facilityId, null, null, false, false, false, "false")).condition((org.moqui.entity.EntityCondition) ec.entity.conditionFactory.makeActionConditionDirect("transactionStatusId", "in", transactionStatusId, "TX_DRAFT,TX_PENDING,TX_APPROVED", null, false, false, false, "false"))\n            instrumentList = instrumentList_xafind.list()\n    fFirm = basicConvert(0.0, "BigDecimal")\n    fContingent = basicConvert(0.0, "BigDecimal")\n    fReserved = basicConvert(0.0, "BigDecimal")\n    if (true) {\n        int inst_index = 0\n        Iterator _instIterator = instrumentList.iterator()\n        // behave differently for EntityListIterator, avoid using hasNext()\n        boolean instIsEli = (_instIterator instanceof org.moqui.entity.EntityListIterator)\n        while (instIsEli || _instIterator.hasNext()) {\n            inst = _instIterator.next()\n            if (instIsEli && inst == null) break\n            if (!instIsEli) inst_has_next = _instIterator.hasNext()\n\n            // begin iterator internal block\n    if (inst.transactionStatusId == 'TX_APPROVED') {\n    fFirm = (fFirm + (inst.baseEquivalentAmount ?: 0))\n    } else if (inst.transactionStatusId == 'TX_PENDING') {\n    fContingent = (fContingent + (inst.baseEquivalentAmount ?: 0))\n    } else if (inst.transactionStatusId == 'TX_DRAFT') {\n    fReserved = (fReserved + (inst.baseEquivalentAmount ?: 0))\n    }\n\n            // end iterator internal block for list instrumentList\n\n            inst_index++\n        }\n        if(instIsEli) _instIterator.close()\n    }\n    totalFirm = (totalFirm + fFirm)\n    totalContingent = (totalContingent + fContingent)\n    totalReserved = (totalReserved + fReserved)\n    if (true) {\n        org.moqui.entity.EntityValue find_one_result = ec.entity.find("trade.TradeParty")\n                .condition("partyId", facility.ownerPartyId).one()\n        if (party instanceof Map && !(party instanceof org.moqui.entity.EntityValue)) { if (find_one_result) party.putAll(find_one_result) } else { party = find_one_result }\n    }\n    breakdownItem = ([                     facilityId: facility.facilityId,                     facilityName: party?.partyName ?: facility.facilityId,                     limit: facility.totalApprovedLimit,                     firm: fFirm,                     contingent: fContingent,                     reserved: fReserved,                     available: (facility.totalApprovedLimit ?: 0) - (fFirm + fContingent + fReserved)                 ])\n[Template Error' @ line 68, column 11.
   [Template Error: No macro or directive is defined for node named "list-add", and there is no fallback handler called @element either.
             ^

1 error

[33m09:03:02.510  WARN 284686302-29              o.moqui.i.c.WebFacadeImpl[m Error message from Service REST API (400): startup failed:
trade_LimitServices_get_ExposureData: 68: Unexpected input: '{\n        int facility_index = 0\n        Iterator _facilityIterator = facilityList.iterator()\n        // behave differently for EntityListIterator, avoid using hasNext()\n        boolean facilityIsEli = (_facilityIterator instanceof org.moqui.entity.EntityListIterator)\n        while (facilityIsEli || _facilityIterator.hasNext()) {\n            facility = _facilityIterator.next()\n            if (facilityIsEli && facility == null) break\n            if (!facilityIsEli) facility_has_next = _facilityIterator.hasNext()\n\n            // begin iterator internal block\n    totalLimit = (totalLimit + (facility.totalApprovedLimit ?: 0))\n    instrumentList_xafind = ec.entity.find("trade.TradeInstrument")\n            .condition((org.moqui.entity.EntityCondition) ec.entity.conditionFactory.makeActionConditionDirect("customerFacilityId", "equals", facility.facilityId, null, null, false, false, false, "false")).condition((org.moqui.entity.EntityCondition) ec.entity.conditionFactory.makeActionConditionDirect("transactionStatusId", "in", transactionStatusId, "TX_DRAFT,TX_PENDING,TX_APPROVED", null, false, false, false, "false"))\n            instrumentList = instrumentList_xafind.list()\n    fFirm = basicConvert(0.0, "BigDecimal")\n    fContingent = basicConvert(0.0, "BigDecimal")\n    fReserved = basicConvert(0.0, "BigDecimal")\n    if (true) {\n        int inst_index = 0\n        Iterator _instIterator = instrumentList.iterator()\n        // behave differently for EntityListIterator, avoid using hasNext()\n        boolean instIsEli = (_instIterator instanceof org.moqui.entity.EntityListIterator)\n        while (instIsEli || _instIterator.hasNext()) {\n            inst = _instIterator.next()\n            if (instIsEli && inst == null) break\n            if (!instIsEli) inst_has_next = _instIterator.hasNext()\n\n            // begin iterator internal block\n    if (inst.transactionStatusId == 'TX_APPROVED') {\n    fFirm = (fFirm + (inst.baseEquivalentAmount ?: 0))\n    } else if (inst.transactionStatusId == 'TX_PENDING') {\n    fContingent = (fContingent + (inst.baseEquivalentAmount ?: 0))\n    } else if (inst.transactionStatusId == 'TX_DRAFT') {\n    fReserved = (fReserved + (inst.baseEquivalentAmount ?: 0))\n    }\n\n            // end iterator internal block for list instrumentList\n\n            inst_index++\n        }\n        if(instIsEli) _instIterator.close()\n    }\n    totalFirm = (totalFirm + fFirm)\n    totalContingent = (totalContingent + fContingent)\n    totalReserved = (totalReserved + fReserved)\n    if (true) {\n        org.moqui.entity.EntityValue find_one_result = ec.entity.find("trade.TradeParty")\n                .condition("partyId", facility.ownerPartyId).one()\n        if (party instanceof Map && !(party instanceof org.moqui.entity.EntityValue)) { if (find_one_result) party.putAll(find_one_result) } else { party = find_one_result }\n    }\n    breakdownItem = ([                     facilityId: facility.facilityId,                     facilityName: party?.partyName ?: facility.facilityId,                     limit: facility.totalApprovedLimit,                     firm: fFirm,                     contingent: fContingent,                     reserved: fReserved,                     available: (facility.totalApprovedLimit ?: 0) - (fFirm + fContingent + fReserved)                 ])\n[Template Error' @ line 68, column 11.
   [Template Error: No macro or directive is defined for node named "list-add", and there is no fallback handler called @element either.
             ^

1 error


[33m09:03:02.513  WARN 284686302-29      o.moqui.i.c.TransactionFacadeImpl[m Transaction rollback for [startup failed:
trade_LimitServices_get_ExposureData: 68: Unexpected input: '{\n        int facility_index = 0\n        Iterator _facilityIterator = facilityList.iterator()\n        // behave differently for EntityListIterator, avoid using hasNext()\n        boolean facilityIsEli = (_facilityIterator instanceof org.moqui.entity.EntityListIterator)\n        while (facilityIsEli || _facilityIterator.hasNext()) {\n            facility = _facilityIterator.next()\n            if (facilityIsEli && facility == null) break\n            if (!facilityIsEli) facility_has_next = _facilityIterator.hasNext()\n\n            // begin iterator internal block\n    totalLimit = (totalLimit + (facility.totalApprovedLimit ?: 0))\n    instrumentList_xafind = ec.entity.find("trade.TradeInstrument")\n            .condition((org.moqui.entity.EntityCondition) ec.entity.conditionFactory.makeActionConditionDirect("customerFacilityId", "equals", facility.facilityId, null, null, false, false, false, "false")).condition((org.moqui.entity.EntityCondition) ec.entity.conditionFactory.makeActionConditionDirect("transactionStatusId", "in", transactionStatusId, "TX_DRAFT,TX_PENDING,TX_APPROVED", null, false, false, false, "false"))\n            instrumentList = instrumentList_xafind.list()\n    fFirm = basicConvert(0.0, "BigDecimal")\n    fContingent = basicConvert(0.0, "BigDecimal")\n    fReserved = basicConvert(0.0, "BigDecimal")\n    if (true) {\n        int inst_index = 0\n        Iterator _instIterator = instrumentList.iterator()\n        // behave differently for EntityListIterator, avoid using hasNext()\n        boolean instIsEli = (_instIterator instanceof org.moqui.entity.EntityListIterator)\n        while (instIsEli || _instIterator.hasNext()) {\n            inst = _instIterator.next()\n            if (instIsEli && inst == null) break\n            if (!instIsEli) inst_has_next = _instIterator.hasNext()\n\n            // begin iterator internal block\n    if (inst.transactionStatusId == 'TX_APPROVED') {\n    fFirm = (fFirm + (inst.baseEquivalentAmount ?: 0))\n    } else if (inst.transactionStatusId == 'TX_PENDING') {\n    fContingent = (fContingent + (inst.baseEquivalentAmount ?: 0))\n    } else if (inst.transactionStatusId == 'TX_DRAFT') {\n    fReserved = (fReserved + (inst.baseEquivalentAmount ?: 0))\n    }\n\n            // end iterator internal block for list instrumentList\n\n            inst_index++\n        }\n        if(instIsEli) _instIterator.close()\n    }\n    totalFirm = (totalFirm + fFirm)\n    totalContingent = (totalContingent + fContingent)\n    totalReserved = (totalReserved + fReserved)\n    if (true) {\n        org.moqui.entity.EntityValue find_one_result = ec.entity.find("trade.TradeParty")\n                .condition("partyId", facility.ownerPartyId).one()\n        if (party instanceof Map && !(party instanceof org.moqui.entity.EntityValue)) { if (find_one_result) party.putAll(find_one_result) } else { party = find_one_result }\n    }\n    breakdownItem = ([                     facilityId: facility.facilityId,                     facilityName: party?.partyName ?: facility.facilityId,                     limit: facility.totalApprovedLimit,                     firm: fFirm,                     contingent: fContingent,                     reserved: fReserved,                     available: (facility.totalApprovedLimit ?: 0) - (fFirm + fContingent + fReserved)                 ])\n[Template Error' @ line 68, column 11.
   [Template Error: No macro or directive is defined for node named "list-add", and there is no fallback handler called @element either.
             ^

1 error

]. Here is the current location: 
org.moqui.BaseException: Rollback location
	at org.moqui.impl.context.TransactionFacadeImpl.rollback(TransactionFacadeImpl.groovy:475)
	at org.moqui.impl.context.TransactionFacadeImpl.rollback(TransactionFacadeImpl.groovy:447)
	at org.moqui.impl.screen.ScreenRenderImpl.internalRender(ScreenRenderImpl.groovy:466)
	at org.moqui.impl.screen.ScreenRenderImpl.render(ScreenRenderImpl.groovy:173)
	at org.moqui.impl.webapp.MoquiServlet.service(MoquiServlet.groovy:118)
	at jakarta.servlet.http.HttpServlet.service(HttpServlet.java:723)
	at org.moqui.impl.webapp.ElasticRequestLogFilter.doFilter(ElasticRequestLogFilter.groovy:96)
	at java.base/java.lang.Thread.run(Thread.java:1583)
[32m09:03:02.544  INFO 284686302-38              o.moqui.i.c.WebFacadeImpl[m Service REST for GET to /rest/s1/trade/facilities headers [Host, User-Agent, Accept] parameters [facilityId]
[1;31m09:03:02.545 ERROR 284686302-38      o.moqui.i.c.r.FtlTemplateRenderer[m Error from FTL in render
freemarker.core._MiscTemplateException: No macro or directive is defined for node named "list-add", and there is no fallback handler called @element either.

----
FTL stack trace ("~" means nesting-related):
	- Failed at: #recurse  [in template "classpath://template/XmlActions.groovy.ftl" in macro "iterate" at line 288, column 13]
	- Reached through: #recurse  [in template "classpath://template/XmlActions.groovy.ftl" in macro "actions" at line 24, column 1]
	- Reached through: #visit xmlActionsRoot  [in template "classpath://template/XmlActions.groovy.ftl" at line 21, column 1]
----
	at org.moqui.impl.actions.XmlAction.getGroovyString(XmlAction.java:119)
	at org.moqui.impl.actions.XmlAction.makeGroovyClass(XmlAction.java:98)
	at org.moqui.impl.actions.XmlAction.getGroovyClass(XmlAction.java:94)
	at org.moqui.impl.actions.XmlAction.run(XmlAction.java:61)
	at org.moqui.impl.service.runner.InlineServiceRunner.runService(InlineServiceRunner.java:59)
	at org.moqui.impl.service.ServiceCallSyncImpl.callSingle(ServiceCallSyncImpl.java:322)
	at org.moqui.impl.service.ServiceCallSyncImpl.call(ServiceCallSyncImpl.java:125)
	at org.moqui.impl.service.RestApi$MethodService.run(RestApi.groovy:249)
	at org.moqui.impl.service.RestApi$PathNode.runByMethod(RestApi.groovy:629)
	at org.moqui.impl.service.RestApi$PathNode.visitChildOrRun(RestApi.groovy:683)
	at org.moqui.impl.service.RestApi$ResourceNode.visit(RestApi.groovy:760)
	at org.moqui.impl.service.RestApi$PathNode.visitChildOrRun(RestApi.groovy:670)
	at org.moqui.impl.service.RestApi$ResourceNode.visit(RestApi.groovy:760)
	at org.moqui.impl.service.RestApi.run(RestApi.groovy:110)
	at org.moqui.impl.context.WebFacadeImpl.handleServiceRestCall(WebFacadeImpl.groovy:1095)
	at component___webroot_screen_webroot_rest_xml_transition_s1_actions.run(component___webroot_screen_webroot_rest_xml_transition_s1_actions:10)
	at org.moqui.impl.actions.XmlAction.run(XmlAction.java:67)
	at org.moqui.impl.screen.ScreenDefinition$TransitionItem.run(ScreenDefinition.groovy:988)
	at org.moqui.impl.screen.ScreenRenderImpl.recursiveRunTransition(ScreenRenderImpl.groovy:752)
	at org.moqui.impl.screen.ScreenRenderImpl.recursiveRunTransition(ScreenRenderImpl.groovy:748)
	at org.moqui.impl.screen.ScreenRenderImpl.internalRender(ScreenRenderImpl.groovy:457)
	at org.moqui.impl.screen.ScreenRenderImpl.render(ScreenRenderImpl.groovy:173)
	at org.moqui.impl.webapp.MoquiServlet.service(MoquiServlet.groovy:118)
	at jakarta.servlet.http.HttpServlet.service(HttpServlet.java:723)
	at org.moqui.impl.webapp.ElasticRequestLogFilter.doFilter(ElasticRequestLogFilter.groovy:96)
	at java.base/java.lang.Thread.run(Thread.java:1583)
[1;31m09:03:02.622 ERROR 284686302-38      o.moqui.i.c.r.FtlTemplateRenderer[m Error from FTL in render
freemarker.core._MiscTemplateException: No macro or directive is defined for node named "list-add", and there is no fallback handler called @element either.

----
FTL stack trace ("~" means nesting-related):
	- Failed at: #recurse  [in template "classpath://template/XmlActions.groovy.ftl" in macro "iterate" at line 288, column 13]
	- Reached through: #recurse  [in template "classpath://template/XmlActions.groovy.ftl" in macro "actions" at line 24, column 1]
	- Reached through: #visit xmlActionsRoot  [in template "classpath://template/XmlActions.groovy.ftl" at line 21, column 1]
----
	at org.moqui.impl.actions.XmlAction.getGroovyString(XmlAction.java:119)
	at org.moqui.impl.actions.XmlAction.writeGroovyWithLines(XmlAction.java:85)
	at org.moqui.impl.actions.XmlAction.makeGroovyClass(XmlAction.java:104)
	at org.moqui.impl.actions.XmlAction.getGroovyClass(XmlAction.java:94)
	at org.moqui.impl.actions.XmlAction.run(XmlAction.java:61)
	at org.moqui.impl.service.runner.InlineServiceRunner.runService(InlineServiceRunner.java:59)
	at org.moqui.impl.service.ServiceCallSyncImpl.callSingle(ServiceCallSyncImpl.java:322)
	at org.moqui.impl.service.ServiceCallSyncImpl.call(ServiceCallSyncImpl.java:125)
	at org.moqui.impl.service.RestApi$MethodService.run(RestApi.groovy:249)
	at org.moqui.impl.service.RestApi$PathNode.runByMethod(RestApi.groovy:629)
	at org.moqui.impl.service.RestApi$PathNode.visitChildOrRun(RestApi.groovy:683)
	at org.moqui.impl.service.RestApi$ResourceNode.visit(RestApi.groovy:760)
	at org.moqui.impl.service.RestApi$PathNode.visitChildOrRun(RestApi.groovy:670)
	at org.moqui.impl.service.RestApi$ResourceNode.visit(RestApi.groovy:760)
	at org.moqui.impl.service.RestApi.run(RestApi.groovy:110)
	at org.moqui.impl.context.WebFacadeImpl.handleServiceRestCall(WebFacadeImpl.groovy:1095)
	at component___webroot_screen_webroot_rest_xml_transition_s1_actions.run(component___webroot_screen_webroot_rest_xml_transition_s1_actions:10)
	at org.moqui.impl.actions.XmlAction.run(XmlAction.java:67)
	at org.moqui.impl.screen.ScreenDefinition$TransitionItem.run(ScreenDefinition.groovy:988)
	at org.moqui.impl.screen.ScreenRenderImpl.recursiveRunTransition(ScreenRenderImpl.groovy:752)
	at org.moqui.impl.screen.ScreenRenderImpl.recursiveRunTransition(ScreenRenderImpl.groovy:748)
	at org.moqui.impl.screen.ScreenRenderImpl.internalRender(ScreenRenderImpl.groovy:457)
	at org.moqui.impl.screen.ScreenRenderImpl.render(ScreenRenderImpl.groovy:173)
	at org.moqui.impl.webapp.MoquiServlet.service(MoquiServlet.groovy:118)
	at jakarta.servlet.http.HttpServlet.service(HttpServlet.java:723)
	at org.moqui.impl.webapp.ElasticRequestLogFilter.doFilter(ElasticRequestLogFilter.groovy:96)
	at java.base/java.lang.Thread.run(Thread.java:1583)
[1;31m09:03:02.623 ERROR 284686302-38                  o.moqui.i.a.XmlAction[m Error parsing groovy String at [trade.LimitServices.get#FacilityDetail]:
1 : import static org.moqui.util.ObjectUtilities.*
2 : import static org.moqui.util.CollectionUtilities.*
3 : import static org.moqui.util.StringUtilities.*
4 : import java.sql.Timestamp
5 : import java.sql.Time
6 : import java.time.*
7 : // these are in the context by default: ExecutionContext ec, Map<String, Object> context, Map<String, Object> result
8 :     if (true) {
9 :         org.moqui.entity.EntityValue find_one_result = ec.entity.find("trade.CustomerFacility")
10 :                 .condition("facilityId", facilityId).one()
11 :         if (facilityField instanceof Map && !(facilityField instanceof org.moqui.entity.EntityValue)) { if (find_one_result) facilityField.putAll(find_one_result) } else { facilityField = find_one_result }
12 :     }
13 :     if (!facilityField) {
14 :         ec.message.addError(ec.resource.expand('''Facility ${facilityId} not found''' ?: "Error in actions",''))
15 :     return;
16 :     }
17 : 
18 :     instrumentList_xafind = ec.entity.find("trade.TradeInstrument").orderBy("-transactionDate")
19 :             .condition((org.moqui.entity.EntityCondition) ec.entity.conditionFactory.makeActionConditionDirect("customerFacilityId", "equals", facilityId, null, null, false, false, false, "false")).condition((org.moqui.entity.EntityCondition) ec.entity.conditionFactory.makeActionConditionDirect("transactionStatusId", "in", transactionStatusId, "TX_DRAFT,TX_PENDING,TX_APPROVED", null, false, false, false, "false"))
20 :             instrumentList = instrumentList_xafind.list()
21 :     fFirm = basicConvert(0.0, "BigDecimal")
22 :     fContingent = basicConvert(0.0, "BigDecimal")
23 :     fReserved = basicConvert(0.0, "BigDecimal")
24 :     transactions = ([])
25 :     if (true) {
26 :         int inst_index = 0
27 :         Iterator _instIterator = instrumentList.iterator()
28 :         // behave differently for EntityListIterator, avoid using hasNext()
29 :         boolean instIsEli = (_instIterator instanceof org.moqui.entity.EntityListIterator)
30 :         while (instIsEli || _instIterator.hasNext()) {
31 :             inst = _instIterator.next()
32 :             if (instIsEli && inst == null) break
33 :             if (!instIsEli) inst_has_next = _instIterator.hasNext()
34 : 
35 :             // begin iterator internal block
36 :     if (inst.transactionStatusId == 'TX_APPROVED') {
37 :     fFirm = (fFirm + (inst.baseEquivalentAmount ?: 0))
38 :     } else if (inst.transactionStatusId == 'TX_PENDING') {
39 :     fContingent = (fContingent + (inst.baseEquivalentAmount ?: 0))
40 :     } else if (inst.transactionStatusId == 'TX_DRAFT') {
41 :     fReserved = (fReserved + (inst.baseEquivalentAmount ?: 0))
42 :     }
43 : 
44 :     transItem = ([                     instrumentId: inst.instrumentId,                     transactionRef: inst.transactionRef,                     businessStateId: inst.lifecycleStatusId,                     effectiveOutstandingAmount: (inst.baseEquivalentAmount ?: 0),                     transactionDate: inst.transactionDate                 ])
45 : [Template Error: No macro or directive is defined for node named "list-add", and there is no fallback handler called @element either.
46 : 
47 : ----
48 : FTL stack trace ("~" means nesting-related):
49 : 	- Failed at: #recurse  [in template "classpath://template/XmlActions.groovy.ftl" in macro "iterate" at line 288, column 13]
50 : 	- Reached through: #recurse  [in template "classpath://template/XmlActions.groovy.ftl" in macro "actions" at line 24, column 1]
51 : 	- Reached through: #visit xmlActionsRoot  [in template "classpath://template/XmlActions.groovy.ftl" at line 21, column 1]
52 : ----]            // end iterator internal block for list instrumentList
53 : 
54 :             inst_index++
55 :         }
56 :         if(instIsEli) _instIterator.close()
57 :     }
58 :     if (true) {
59 :         org.moqui.entity.EntityValue find_one_result = ec.entity.find("trade.TradeParty")
60 :                 .condition("partyId", facilityField.ownerPartyId).one()
61 :         if (party instanceof Map && !(party instanceof org.moqui.entity.EntityValue)) { if (find_one_result) party.putAll(find_one_result) } else { party = find_one_result }
62 :     }
63 :     facility = ([                 facilityId: facilityField.facilityId,                 facilityName: party?.partyName ?: facilityField.facilityId,                 limit: (facilityField.totalApprovedLimit ?: 0),                 firm: fFirm,                 contingent: fContingent,                 reserved: fReserved,                 available: (facilityField.totalApprovedLimit ?: 0) - (fFirm + fContingent + fReserved)             ])
64 : // make sure the last statement is not considered the return value
65 : return;


[33m09:03:02.623  WARN 284686302-38      o.moqui.i.c.TransactionFacadeImpl[m Transaction set rollback only. The rollback was originally caused by: Error running service trade.LimitServices.get#FacilityDetail (Throwable)
org.codehaus.groovy.control.MultipleCompilationErrorsException: startup failed:
trade_LimitServices_get_FacilityDetail: 45: Unexpected input: '{\n        int inst_index = 0\n        Iterator _instIterator = instrumentList.iterator()\n        // behave differently for EntityListIterator, avoid using hasNext()\n        boolean instIsEli = (_instIterator instanceof org.moqui.entity.EntityListIterator)\n        while (instIsEli || _instIterator.hasNext()) {\n            inst = _instIterator.next()\n            if (instIsEli && inst == null) break\n            if (!instIsEli) inst_has_next = _instIterator.hasNext()\n\n            // begin iterator internal block\n    if (inst.transactionStatusId == 'TX_APPROVED') {\n    fFirm = (fFirm + (inst.baseEquivalentAmount ?: 0))\n    } else if (inst.transactionStatusId == 'TX_PENDING') {\n    fContingent = (fContingent + (inst.baseEquivalentAmount ?: 0))\n    } else if (inst.transactionStatusId == 'TX_DRAFT') {\n    fReserved = (fReserved + (inst.baseEquivalentAmount ?: 0))\n    }\n\n    transItem = ([                     instrumentId: inst.instrumentId,                     transactionRef: inst.transactionRef,                     businessStateId: inst.lifecycleStatusId,                     effectiveOutstandingAmount: (inst.baseEquivalentAmount ?: 0),                     transactionDate: inst.transactionDate                 ])\n[Template Error' @ line 45, column 11.
   [Template Error: No macro or directive is defined for node named "list-add", and there is no fallback handler called @element either.
             ^

1 error

	at org.apache.groovy.parser.antlr4.AstBuilder.collectSyntaxError(AstBuilder.java:4714)
	at org.apache.groovy.parser.antlr4.AstBuilder$3.syntaxError(AstBuilder.java:4725)
	at groovyjarjarantlr4.v4.runtime.ProxyErrorListener.syntaxError(ProxyErrorListener.java:44)
	at groovyjarjarantlr4.v4.runtime.Parser.notifyErrorListeners(Parser.java:543)
	at groovyjarjarantlr4.v4.runtime.DefaultErrorStrategy.notifyErrorListeners(DefaultErrorStrategy.java:154)
	at org.apache.groovy.parser.antlr4.internal.DescriptiveErrorStrategy.reportNoViableAlternative(DescriptiveErrorStrategy.java:92)
	at groovyjarjarantlr4.v4.runtime.DefaultErrorStrategy.reportError(DefaultErrorStrategy.java:139)
	at org.apache.groovy.parser.antlr4.GroovyParser.statement(GroovyParser.java:6953)
	at org.apache.groovy.parser.antlr4.GroovyParser.ifElseStatement(GroovyParser.java:6009)
	at org.apache.groovy.parser.antlr4.GroovyParser.conditionalStatement(GroovyParser.java:5936)
	at org.apache.groovy.parser.antlr4.GroovyParser.statement(GroovyParser.java:6816)
	at org.apache.groovy.parser.antlr4.GroovyParser.scriptStatement(GroovyParser.java:515)
	at org.apache.groovy.parser.antlr4.GroovyParser.scriptStatements(GroovyParser.java:425)
	at org.apache.groovy.parser.antlr4.GroovyParser.compilationUnit(GroovyParser.java:361)
	at org.apache.groovy.parser.antlr4.AstBuilder.buildCST(AstBuilder.java:250)
	at org.apache.groovy.parser.antlr4.AstBuilder.buildCST(AstBuilder.java:228)
	at org.apache.groovy.parser.antlr4.AstBuilder.buildAST(AstBuilder.java:269)
	at org.apache.groovy.parser.antlr4.Antlr4ParserPlugin.buildAST(Antlr4ParserPlugin.java:58)
	at java.base/java.util.Iterator.forEachRemaining(Iterator.java:133)
	at java.base/java.util.Spliterators$IteratorSpliterator.forEachRemaining(Spliterators.java:1939)
	at java.base/java.util.stream.ReferencePipeline$Head.forEach(ReferencePipeline.java:762)
	at org.moqui.impl.context.ExecutionContextFactoryImpl.compileGroovy(ExecutionContextFactoryImpl.groovy:1102)
	at org.moqui.impl.actions.XmlAction.makeGroovyClass(XmlAction.java:101)
	at org.moqui.impl.actions.XmlAction.getGroovyClass(XmlAction.java:94)
	at org.moqui.impl.actions.XmlAction.run(XmlAction.java:61)
	at org.moqui.impl.service.runner.InlineServiceRunner.runService(InlineServiceRunner.java:59)
	at org.moqui.impl.service.ServiceCallSyncImpl.callSingle(ServiceCallSyncImpl.java:322)
	at org.moqui.impl.service.ServiceCallSyncImpl.call(ServiceCallSyncImpl.java:125)
	at org.moqui.impl.service.RestApi$MethodService.run(RestApi.groovy:249)
	at org.moqui.impl.service.RestApi$PathNode.runByMethod(RestApi.groovy:629)
	at org.moqui.impl.service.RestApi$PathNode.visitChildOrRun(RestApi.groovy:683)
	at org.moqui.impl.service.RestApi$ResourceNode.visit(RestApi.groovy:760)
	at org.moqui.impl.service.RestApi$PathNode.visitChildOrRun(RestApi.groovy:670)
	at org.moqui.impl.service.RestApi$ResourceNode.visit(RestApi.groovy:760)
	at org.moqui.impl.service.RestApi.run(RestApi.groovy:110)
	at org.moqui.impl.context.WebFacadeImpl.handleServiceRestCall(WebFacadeImpl.groovy:1095)
	at component___webroot_screen_webroot_rest_xml_transition_s1_actions.run(component___webroot_screen_webroot_rest_xml_transition_s1_actions:10)
	at org.moqui.impl.actions.XmlAction.run(XmlAction.java:67)
	at org.moqui.impl.screen.ScreenDefinition$TransitionItem.run(ScreenDefinition.groovy:988)
	at org.moqui.impl.screen.ScreenRenderImpl.recursiveRunTransition(ScreenRenderImpl.groovy:752)
	at org.moqui.impl.screen.ScreenRenderImpl.recursiveRunTransition(ScreenRenderImpl.groovy:748)
	at org.moqui.impl.screen.ScreenRenderImpl.internalRender(ScreenRenderImpl.groovy:457)
	at org.moqui.impl.screen.ScreenRenderImpl.render(ScreenRenderImpl.groovy:173)
	at org.moqui.impl.webapp.MoquiServlet.service(MoquiServlet.groovy:118)
	at jakarta.servlet.http.HttpServlet.service(HttpServlet.java:723)
	at org.moqui.impl.webapp.ElasticRequestLogFilter.doFilter(ElasticRequestLogFilter.groovy:96)
	at java.base/java.lang.Thread.run(Thread.java:1583)
[33m09:03:02.623  WARN 284686302-38      o.moqui.i.c.TransactionFacadeImpl[m Transaction set rollback only for [Error running service trade.LimitServices.get#FacilityDetail (Throwable)]. Here is the current location: 
org.moqui.BaseException: Set rollback only location
	at org.moqui.impl.context.TransactionFacadeImpl.setRollbackOnly(TransactionFacadeImpl.groovy:498)
	at org.moqui.impl.context.TransactionFacadeImpl.rollback(TransactionFacadeImpl.groovy:449)
	at org.moqui.impl.service.ServiceCallSyncImpl.callSingle(ServiceCallSyncImpl.java:347)
	at org.moqui.impl.service.ServiceCallSyncImpl.call(ServiceCallSyncImpl.java:125)
	at org.moqui.impl.service.RestApi$MethodService.run(RestApi.groovy:249)
	at org.moqui.impl.service.RestApi$PathNode.runByMethod(RestApi.groovy:629)
	at org.moqui.impl.service.RestApi$PathNode.visitChildOrRun(RestApi.groovy:683)
	at org.moqui.impl.service.RestApi$ResourceNode.visit(RestApi.groovy:760)
	at org.moqui.impl.service.RestApi$PathNode.visitChildOrRun(RestApi.groovy:670)
	at org.moqui.impl.service.RestApi$ResourceNode.visit(RestApi.groovy:760)
	at org.moqui.impl.service.RestApi.run(RestApi.groovy:110)
	at org.moqui.impl.context.WebFacadeImpl.handleServiceRestCall(WebFacadeImpl.groovy:1095)
	at component___webroot_screen_webroot_rest_xml_transition_s1_actions.run(component___webroot_screen_webroot_rest_xml_transition_s1_actions:10)
	at org.moqui.impl.actions.XmlAction.run(XmlAction.java:67)
	at org.moqui.impl.screen.ScreenDefinition$TransitionItem.run(ScreenDefinition.groovy:988)
	at org.moqui.impl.screen.ScreenRenderImpl.recursiveRunTransition(ScreenRenderImpl.groovy:752)
	at org.moqui.impl.screen.ScreenRenderImpl.recursiveRunTransition(ScreenRenderImpl.groovy:748)
	at org.moqui.impl.screen.ScreenRenderImpl.internalRender(ScreenRenderImpl.groovy:457)
	at org.moqui.impl.screen.ScreenRenderImpl.render(ScreenRenderImpl.groovy:173)
	at org.moqui.impl.webapp.MoquiServlet.service(MoquiServlet.groovy:118)
	at jakarta.servlet.http.HttpServlet.service(HttpServlet.java:723)
	at org.moqui.impl.webapp.ElasticRequestLogFilter.doFilter(ElasticRequestLogFilter.groovy:96)
	at java.base/java.lang.Thread.run(Thread.java:1583)
[33m09:03:02.623  WARN 284686302-38        o.moqui.i.s.ServiceCallSyncImpl[m Error running service trade.LimitServices.get#FacilityDetail (Throwable) Artifact stack: trade.LimitServices.get#FacilityDetail, /trade/facilities, /trade, component://webroot/screen/webroot/rest.xml/s1, component://webroot/screen/webroot/rest.xml, component://webroot/screen/webroot.xml
org.codehaus.groovy.control.MultipleCompilationErrorsException: startup failed:
trade_LimitServices_get_FacilityDetail: 45: Unexpected input: '{\n        int inst_index = 0\n        Iterator _instIterator = instrumentList.iterator()\n        // behave differently for EntityListIterator, avoid using hasNext()\n        boolean instIsEli = (_instIterator instanceof org.moqui.entity.EntityListIterator)\n        while (instIsEli || _instIterator.hasNext()) {\n            inst = _instIterator.next()\n            if (instIsEli && inst == null) break\n            if (!instIsEli) inst_has_next = _instIterator.hasNext()\n\n            // begin iterator internal block\n    if (inst.transactionStatusId == 'TX_APPROVED') {\n    fFirm = (fFirm + (inst.baseEquivalentAmount ?: 0))\n    } else if (inst.transactionStatusId == 'TX_PENDING') {\n    fContingent = (fContingent + (inst.baseEquivalentAmount ?: 0))\n    } else if (inst.transactionStatusId == 'TX_DRAFT') {\n    fReserved = (fReserved + (inst.baseEquivalentAmount ?: 0))\n    }\n\n    transItem = ([                     instrumentId: inst.instrumentId,                     transactionRef: inst.transactionRef,                     businessStateId: inst.lifecycleStatusId,                     effectiveOutstandingAmount: (inst.baseEquivalentAmount ?: 0),                     transactionDate: inst.transactionDate                 ])\n[Template Error' @ line 45, column 11.
   [Template Error: No macro or directive is defined for node named "list-add", and there is no fallback handler called @element either.
             ^

1 error

	at org.apache.groovy.parser.antlr4.AstBuilder.collectSyntaxError(AstBuilder.java:4714)
	at org.apache.groovy.parser.antlr4.AstBuilder$3.syntaxError(AstBuilder.java:4725)
	at groovyjarjarantlr4.v4.runtime.ProxyErrorListener.syntaxError(ProxyErrorListener.java:44)
	at groovyjarjarantlr4.v4.runtime.Parser.notifyErrorListeners(Parser.java:543)
	at groovyjarjarantlr4.v4.runtime.DefaultErrorStrategy.notifyErrorListeners(DefaultErrorStrategy.java:154)
	at org.apache.groovy.parser.antlr4.internal.DescriptiveErrorStrategy.reportNoViableAlternative(DescriptiveErrorStrategy.java:92)
	at groovyjarjarantlr4.v4.runtime.DefaultErrorStrategy.reportError(DefaultErrorStrategy.java:139)
	at org.apache.groovy.parser.antlr4.GroovyParser.statement(GroovyParser.java:6953)
	at org.apache.groovy.parser.antlr4.GroovyParser.ifElseStatement(GroovyParser.java:6009)
	at org.apache.groovy.parser.antlr4.GroovyParser.conditionalStatement(GroovyParser.java:5936)
	at org.apache.groovy.parser.antlr4.GroovyParser.statement(GroovyParser.java:6816)
	at org.apache.groovy.parser.antlr4.GroovyParser.scriptStatement(GroovyParser.java:515)
	at org.apache.groovy.parser.antlr4.GroovyParser.scriptStatements(GroovyParser.java:425)
	at org.apache.groovy.parser.antlr4.GroovyParser.compilationUnit(GroovyParser.java:361)
	at org.apache.groovy.parser.antlr4.AstBuilder.buildCST(AstBuilder.java:250)
	at org.apache.groovy.parser.antlr4.AstBuilder.buildCST(AstBuilder.java:228)
	at org.apache.groovy.parser.antlr4.AstBuilder.buildAST(AstBuilder.java:269)
	at org.apache.groovy.parser.antlr4.Antlr4ParserPlugin.buildAST(Antlr4ParserPlugin.java:58)
	at java.base/java.util.Iterator.forEachRemaining(Iterator.java:133)
	at java.base/java.util.Spliterators$IteratorSpliterator.forEachRemaining(Spliterators.java:1939)
	at java.base/java.util.stream.ReferencePipeline$Head.forEach(ReferencePipeline.java:762)
	at org.moqui.impl.context.ExecutionContextFactoryImpl.compileGroovy(ExecutionContextFactoryImpl.groovy:1102)
	at org.moqui.impl.actions.XmlAction.makeGroovyClass(XmlAction.java:101)
	at org.moqui.impl.actions.XmlAction.getGroovyClass(XmlAction.java:94)
	at org.moqui.impl.actions.XmlAction.run(XmlAction.java:61)
	at org.moqui.impl.service.runner.InlineServiceRunner.runService(InlineServiceRunner.java:59)
	at org.moqui.impl.service.ServiceCallSyncImpl.callSingle(ServiceCallSyncImpl.java:322)
	at org.moqui.impl.service.ServiceCallSyncImpl.call(ServiceCallSyncImpl.java:125)
	at org.moqui.impl.service.RestApi$MethodService.run(RestApi.groovy:249)
	at org.moqui.impl.service.RestApi$PathNode.runByMethod(RestApi.groovy:629)
	at org.moqui.impl.service.RestApi$PathNode.visitChildOrRun(RestApi.groovy:683)
	at org.moqui.impl.service.RestApi$ResourceNode.visit(RestApi.groovy:760)
	at org.moqui.impl.service.RestApi$PathNode.visitChildOrRun(RestApi.groovy:670)
	at org.moqui.impl.service.RestApi$ResourceNode.visit(RestApi.groovy:760)
	at org.moqui.impl.service.RestApi.run(RestApi.groovy:110)
	at org.moqui.impl.context.WebFacadeImpl.handleServiceRestCall(WebFacadeImpl.groovy:1095)
	at component___webroot_screen_webroot_rest_xml_transition_s1_actions.run(component___webroot_screen_webroot_rest_xml_transition_s1_actions:10)
	at org.moqui.impl.actions.XmlAction.run(XmlAction.java:67)
	at org.moqui.impl.screen.ScreenDefinition$TransitionItem.run(ScreenDefinition.groovy:988)
	at org.moqui.impl.screen.ScreenRenderImpl.recursiveRunTransition(ScreenRenderImpl.groovy:752)
	at org.moqui.impl.screen.ScreenRenderImpl.recursiveRunTransition(ScreenRenderImpl.groovy:748)
	at org.moqui.impl.screen.ScreenRenderImpl.internalRender(ScreenRenderImpl.groovy:457)
	at org.moqui.impl.screen.ScreenRenderImpl.render(ScreenRenderImpl.groovy:173)
	at org.moqui.impl.webapp.MoquiServlet.service(MoquiServlet.groovy:118)
	at jakarta.servlet.http.HttpServlet.service(HttpServlet.java:723)
	at org.moqui.impl.webapp.ElasticRequestLogFilter.doFilter(ElasticRequestLogFilter.groovy:96)
	at java.base/java.lang.Thread.run(Thread.java:1583)
[1;31m09:03:02.623 ERROR 284686302-38          o.moqui.i.c.MessageFacadeImpl[m startup failed:
trade_LimitServices_get_FacilityDetail: 45: Unexpected input: '{\n        int inst_index = 0\n        Iterator _instIterator = instrumentList.iterator()\n        // behave differently for EntityListIterator, avoid using hasNext()\n        boolean instIsEli = (_instIterator instanceof org.moqui.entity.EntityListIterator)\n        while (instIsEli || _instIterator.hasNext()) {\n            inst = _instIterator.next()\n            if (instIsEli && inst == null) break\n            if (!instIsEli) inst_has_next = _instIterator.hasNext()\n\n            // begin iterator internal block\n    if (inst.transactionStatusId == 'TX_APPROVED') {\n    fFirm = (fFirm + (inst.baseEquivalentAmount ?: 0))\n    } else if (inst.transactionStatusId == 'TX_PENDING') {\n    fContingent = (fContingent + (inst.baseEquivalentAmount ?: 0))\n    } else if (inst.transactionStatusId == 'TX_DRAFT') {\n    fReserved = (fReserved + (inst.baseEquivalentAmount ?: 0))\n    }\n\n    transItem = ([                     instrumentId: inst.instrumentId,                     transactionRef: inst.transactionRef,                     businessStateId: inst.lifecycleStatusId,                     effectiveOutstandingAmount: (inst.baseEquivalentAmount ?: 0),                     transactionDate: inst.transactionDate                 ])\n[Template Error' @ line 45, column 11.
   [Template Error: No macro or directive is defined for node named "list-add", and there is no fallback handler called @element either.
             ^

1 error

[33m09:03:02.624  WARN 284686302-38              o.moqui.i.c.WebFacadeImpl[m Error message from Service REST API (400): startup failed:
trade_LimitServices_get_FacilityDetail: 45: Unexpected input: '{\n        int inst_index = 0\n        Iterator _instIterator = instrumentList.iterator()\n        // behave differently for EntityListIterator, avoid using hasNext()\n        boolean instIsEli = (_instIterator instanceof org.moqui.entity.EntityListIterator)\n        while (instIsEli || _instIterator.hasNext()) {\n            inst = _instIterator.next()\n            if (instIsEli && inst == null) break\n            if (!instIsEli) inst_has_next = _instIterator.hasNext()\n\n            // begin iterator internal block\n    if (inst.transactionStatusId == 'TX_APPROVED') {\n    fFirm = (fFirm + (inst.baseEquivalentAmount ?: 0))\n    } else if (inst.transactionStatusId == 'TX_PENDING') {\n    fContingent = (fContingent + (inst.baseEquivalentAmount ?: 0))\n    } else if (inst.transactionStatusId == 'TX_DRAFT') {\n    fReserved = (fReserved + (inst.baseEquivalentAmount ?: 0))\n    }\n\n    transItem = ([                     instrumentId: inst.instrumentId,                     transactionRef: inst.transactionRef,                     businessStateId: inst.lifecycleStatusId,                     effectiveOutstandingAmount: (inst.baseEquivalentAmount ?: 0),                     transactionDate: inst.transactionDate                 ])\n[Template Error' @ line 45, column 11.
   [Template Error: No macro or directive is defined for node named "list-add", and there is no fallback handler called @element either.
             ^

1 error


[33m09:03:02.625  WARN 284686302-38      o.moqui.i.c.TransactionFacadeImpl[m Transaction rollback for [startup failed:
trade_LimitServices_get_FacilityDetail: 45: Unexpected input: '{\n        int inst_index = 0\n        Iterator _instIterator = instrumentList.iterator()\n        // behave differently for EntityListIterator, avoid using hasNext()\n        boolean instIsEli = (_instIterator instanceof org.moqui.entity.EntityListIterator)\n        while (instIsEli || _instIterator.hasNext()) {\n            inst = _instIterator.next()\n            if (instIsEli && inst == null) break\n            if (!instIsEli) inst_has_next = _instIterator.hasNext()\n\n            // begin iterator internal block\n    if (inst.transactionStatusId == 'TX_APPROVED') {\n    fFirm = (fFirm + (inst.baseEquivalentAmount ?: 0))\n    } else if (inst.transactionStatusId == 'TX_PENDING') {\n    fContingent = (fContingent + (inst.baseEquivalentAmount ?: 0))\n    } else if (inst.transactionStatusId == 'TX_DRAFT') {\n    fReserved = (fReserved + (inst.baseEquivalentAmount ?: 0))\n    }\n\n    transItem = ([                     instrumentId: inst.instrumentId,                     transactionRef: inst.transactionRef,                     businessStateId: inst.lifecycleStatusId,                     effectiveOutstandingAmount: (inst.baseEquivalentAmount ?: 0),                     transactionDate: inst.transactionDate                 ])\n[Template Error' @ line 45, column 11.
   [Template Error: No macro or directive is defined for node named "list-add", and there is no fallback handler called @element either.
             ^

1 error

]. Here is the current location: 
org.moqui.BaseException: Rollback location
	at org.moqui.impl.context.TransactionFacadeImpl.rollback(TransactionFacadeImpl.groovy:475)
	at org.moqui.impl.context.TransactionFacadeImpl.rollback(TransactionFacadeImpl.groovy:447)
	at org.moqui.impl.screen.ScreenRenderImpl.internalRender(ScreenRenderImpl.groovy:466)
	at org.moqui.impl.screen.ScreenRenderImpl.render(ScreenRenderImpl.groovy:173)
	at org.moqui.impl.webapp.MoquiServlet.service(MoquiServlet.groovy:118)
	at jakarta.servlet.http.HttpServlet.service(HttpServlet.java:723)
	at org.moqui.impl.webapp.ElasticRequestLogFilter.doFilter(ElasticRequestLogFilter.groovy:96)
	at java.base/java.lang.Thread.run(Thread.java:1583)
[32m09:03:11.720  INFO RequireNewTx           o.moqui.i.e.EntityFacadeImpl[m Created 1526 automatic reverse relationships
[32m09:03:11.757  INFO RequireNewTx             o.moqui.i.e.EntityDataFeed[m Built entity.data.feed.info cache in 75ms, entries for 62 entities
